2013-02-11 18:38:29 Error: [MissingActionException] Action AppController::webroot() could not be found.
#0 C:\Users\Beatriz.Murillo\Documents\GitHub\azure\lib\Cake\Routing\Dispatcher.php(186): Controller->invokeAction(Object(CakeRequest))
#1 C:\Users\Beatriz.Murillo\Documents\GitHub\azure\lib\Cake\Routing\Dispatcher.php(161): Dispatcher->_invoke(Object(AppController), Object(CakeRequest), Object(CakeResponse))
#2 C:\Users\Beatriz.Murillo\Documents\GitHub\azure\app\webroot\syndi\webroot\index.php(97): Dispatcher->dispatch(Object(CakeRequest), Object(CakeResponse))
#3 {main}
2013-02-11 18:38:48 Error: [MissingActionException] Action AppController::webroot() could not be found.
#0 C:\Users\Beatriz.Murillo\Documents\GitHub\azure\lib\Cake\Routing\Dispatcher.php(186): Controller->invokeAction(Object(CakeRequest))
#1 C:\Users\Beatriz.Murillo\Documents\GitHub\azure\lib\Cake\Routing\Dispatcher.php(161): Dispatcher->_invoke(Object(AppController), Object(CakeRequest), Object(CakeResponse))
#2 C:\Users\Beatriz.Murillo\Documents\GitHub\azure\app\webroot\syndi\webroot\index.php(97): Dispatcher->dispatch(Object(CakeRequest), Object(CakeResponse))
#3 {main}
2013-02-11 18:38:49 Error: [MissingActionException] Action AppController::webroot() could not be found.
#0 C:\Users\Beatriz.Murillo\Documents\GitHub\azure\lib\Cake\Routing\Dispatcher.php(186): Controller->invokeAction(Object(CakeRequest))
#1 C:\Users\Beatriz.Murillo\Documents\GitHub\azure\lib\Cake\Routing\Dispatcher.php(161): Dispatcher->_invoke(Object(AppController), Object(CakeRequest), Object(CakeResponse))
#2 C:\Users\Beatriz.Murillo\Documents\GitHub\azure\app\webroot\syndi\webroot\index.php(97): Dispatcher->dispatch(Object(CakeRequest), Object(CakeResponse))
#3 {main}
2013-02-11 18:38:50 Error: [MissingActionException] Action AppController::webroot() could not be found.
#0 C:\Users\Beatriz.Murillo\Documents\GitHub\azure\lib\Cake\Routing\Dispatcher.php(186): Controller->invokeAction(Object(CakeRequest))
#1 C:\Users\Beatriz.Murillo\Documents\GitHub\azure\lib\Cake\Routing\Dispatcher.php(161): Dispatcher->_invoke(Object(AppController), Object(CakeRequest), Object(CakeResponse))
#2 C:\Users\Beatriz.Murillo\Documents\GitHub\azure\app\webroot\syndi\webroot\index.php(97): Dispatcher->dispatch(Object(CakeRequest), Object(CakeResponse))
#3 {main}
2013-02-11 18:47:51 Error: [MissingControllerException] Controller class ViewsController could not be found.
#0 C:\Users\Beatriz.Murillo\Documents\GitHub\azure\app\webroot\syndi\webroot\index.php(97): Dispatcher->dispatch(Object(CakeRequest), Object(CakeResponse))
#1 {main}
2013-02-11 18:52:20 Error: [MissingControllerException] Controller class SyndiController could not be found.
#0 C:\Users\Beatriz.Murillo\Documents\GitHub\azure\app\webroot\syndi\webroot\index.php(97): Dispatcher->dispatch(Object(CakeRequest), Object(CakeResponse))
#1 {main}
2013-02-11 18:52:40 Error: [MissingControllerException] Controller class SyndiController could not be found.
#0 C:\Users\Beatriz.Murillo\Documents\GitHub\azure\app\webroot\syndi\webroot\index.php(97): Dispatcher->dispatch(Object(CakeRequest), Object(CakeResponse))
#1 {main}
2013-02-11 18:55:20 Error: [MissingControllerException] Controller class SyndiController could not be found.
#0 C:\Users\Beatriz.Murillo\Documents\GitHub\azure\app\webroot\syndi\webroot\index.php(97): Dispatcher->dispatch(Object(CakeRequest), Object(CakeResponse))
#1 {main}
2013-02-11 18:56:13 Error: [MissingActionException] Action SyndiController::views() could not be found.
#0 C:\Users\Beatriz.Murillo\Documents\GitHub\azure\lib\Cake\Routing\Dispatcher.php(186): Controller->invokeAction(Object(CakeRequest))
#1 C:\Users\Beatriz.Murillo\Documents\GitHub\azure\lib\Cake\Routing\Dispatcher.php(161): Dispatcher->_invoke(Object(SyndiController), Object(CakeRequest), Object(CakeResponse))
#2 C:\Users\Beatriz.Murillo\Documents\GitHub\azure\app\webroot\syndi\webroot\index.php(97): Dispatcher->dispatch(Object(CakeRequest), Object(CakeResponse))
#3 {main}
2013-02-11 18:56:43 Error: [MissingViewException] View file "C:\Users\Beatriz.Murillo\Documents\GitHub\azure\app\webroot\syndi\View\Syndi\views.ctp" is missing.
#0 C:\Users\Beatriz.Murillo\Documents\GitHub\azure\lib\Cake\View\View.php(472): View->_getViewFileName(NULL)
#1 C:\Users\Beatriz.Murillo\Documents\GitHub\azure\lib\Cake\Controller\Controller.php(956): View->render(NULL, NULL)
#2 C:\Users\Beatriz.Murillo\Documents\GitHub\azure\lib\Cake\Routing\Dispatcher.php(193): Controller->render()
#3 C:\Users\Beatriz.Murillo\Documents\GitHub\azure\lib\Cake\Routing\Dispatcher.php(161): Dispatcher->_invoke(Object(SyndiController), Object(CakeRequest), Object(CakeResponse))
#4 C:\Users\Beatriz.Murillo\Documents\GitHub\azure\app\webroot\syndi\webroot\index.php(97): Dispatcher->dispatch(Object(CakeRequest), Object(CakeResponse))
#5 {main}
2013-02-11 18:57:33 Error: [MissingControllerException] Controller class ViewsController could not be found.
#0 C:\Users\Beatriz.Murillo\Documents\GitHub\azure\app\webroot\syndi\webroot\index.php(97): Dispatcher->dispatch(Object(CakeRequest), Object(CakeResponse))
#1 {main}
2013-02-11 19:08:46 Error: [MissingControllerException] Controller class ViewsController could not be found.
#0 C:\Users\Beatriz.Murillo\Documents\GitHub\azure\app\webroot\syndi\webroot\index.php(97): Dispatcher->dispatch(Object(CakeRequest), Object(CakeResponse))
#1 {main}
2013-02-11 19:10:39 Error: [MissingViewException] View file "C:\Users\Beatriz.Murillo\Documents\GitHub\azure\app\webroot\syndi\View\Syndi\views.ctp" is missing.
#0 C:\Users\Beatriz.Murillo\Documents\GitHub\azure\lib\Cake\View\View.php(472): View->_getViewFileName(NULL)
#1 C:\Users\Beatriz.Murillo\Documents\GitHub\azure\lib\Cake\Controller\Controller.php(956): View->render(NULL, NULL)
#2 C:\Users\Beatriz.Murillo\Documents\GitHub\azure\lib\Cake\Routing\Dispatcher.php(193): Controller->render()
#3 C:\Users\Beatriz.Murillo\Documents\GitHub\azure\lib\Cake\Routing\Dispatcher.php(161): Dispatcher->_invoke(Object(SyndiController), Object(CakeRequest), Object(CakeResponse))
#4 C:\Users\Beatriz.Murillo\Documents\GitHub\azure\app\webroot\syndi\webroot\index.php(97): Dispatcher->dispatch(Object(CakeRequest), Object(CakeResponse))
#5 {main}
2013-02-11 19:11:14 Error: [MissingViewException] View file "C:\Users\Beatriz.Murillo\Documents\GitHub\azure\app\webroot\syndi\View\Syndi\views.ctp" is missing.
#0 C:\Users\Beatriz.Murillo\Documents\GitHub\azure\lib\Cake\View\View.php(472): View->_getViewFileName(NULL)
#1 C:\Users\Beatriz.Murillo\Documents\GitHub\azure\lib\Cake\Controller\Controller.php(956): View->render(NULL, NULL)
#2 C:\Users\Beatriz.Murillo\Documents\GitHub\azure\lib\Cake\Routing\Dispatcher.php(193): Controller->render()
#3 C:\Users\Beatriz.Murillo\Documents\GitHub\azure\lib\Cake\Routing\Dispatcher.php(161): Dispatcher->_invoke(Object(SyndiController), Object(CakeRequest), Object(CakeResponse))
#4 C:\Users\Beatriz.Murillo\Documents\GitHub\azure\app\webroot\syndi\webroot\index.php(97): Dispatcher->dispatch(Object(CakeRequest), Object(CakeResponse))
#5 {main}
2013-02-11 19:12:06 Error: [MissingActionException] Action SyndiController::orochi() could not be found.
#0 C:\Users\Beatriz.Murillo\Documents\GitHub\azure\lib\Cake\Routing\Dispatcher.php(186): Controller->invokeAction(Object(CakeRequest))
#1 C:\Users\Beatriz.Murillo\Documents\GitHub\azure\lib\Cake\Routing\Dispatcher.php(161): Dispatcher->_invoke(Object(SyndiController), Object(CakeRequest), Object(CakeResponse))
#2 C:\Users\Beatriz.Murillo\Documents\GitHub\azure\app\webroot\syndi\webroot\index.php(97): Dispatcher->dispatch(Object(CakeRequest), Object(CakeResponse))
#3 {main}
2013-02-11 19:22:04 Error: [MissingViewException] View file "C:\Users\Beatriz.Murillo\Documents\GitHub\azure\app\webroot\syndi\View\Syndi\orochi.ctp" is missing.
#0 C:\Users\Beatriz.Murillo\Documents\GitHub\azure\lib\Cake\View\View.php(472): View->_getViewFileName(NULL)
#1 C:\Users\Beatriz.Murillo\Documents\GitHub\azure\lib\Cake\Controller\Controller.php(956): View->render(NULL, NULL)
#2 C:\Users\Beatriz.Murillo\Documents\GitHub\azure\lib\Cake\Routing\Dispatcher.php(193): Controller->render()
#3 C:\Users\Beatriz.Murillo\Documents\GitHub\azure\lib\Cake\Routing\Dispatcher.php(161): Dispatcher->_invoke(Object(SyndiController), Object(CakeRequest), Object(CakeResponse))
#4 C:\Users\Beatriz.Murillo\Documents\GitHub\azure\app\webroot\syndi\webroot\index.php(97): Dispatcher->dispatch(Object(CakeRequest), Object(CakeResponse))
#5 {main}
2013-02-11 19:22:41 Error: [MissingViewException] View file "C:\Users\Beatriz.Murillo\Documents\GitHub\azure\app\webroot\syndi\View\Syndi\orochi.ctp" is missing.
#0 C:\Users\Beatriz.Murillo\Documents\GitHub\azure\lib\Cake\View\View.php(472): View->_getViewFileName(NULL)
#1 C:\Users\Beatriz.Murillo\Documents\GitHub\azure\lib\Cake\Controller\Controller.php(956): View->render(NULL, NULL)
#2 C:\Users\Beatriz.Murillo\Documents\GitHub\azure\lib\Cake\Routing\Dispatcher.php(193): Controller->render()
#3 C:\Users\Beatriz.Murillo\Documents\GitHub\azure\lib\Cake\Routing\Dispatcher.php(161): Dispatcher->_invoke(Object(SyndiController), Object(CakeRequest), Object(CakeResponse))
#4 C:\Users\Beatriz.Murillo\Documents\GitHub\azure\app\webroot\syndi\webroot\index.php(97): Dispatcher->dispatch(Object(CakeRequest), Object(CakeResponse))
#5 {main}
2013-02-11 19:23:38 Error: [MissingActionException] Action SyndiController::orochi() could not be found.
#0 C:\Users\Beatriz.Murillo\Documents\GitHub\azure\lib\Cake\Routing\Dispatcher.php(186): Controller->invokeAction(Object(CakeRequest))
#1 C:\Users\Beatriz.Murillo\Documents\GitHub\azure\lib\Cake\Routing\Dispatcher.php(161): Dispatcher->_invoke(Object(SyndiController), Object(CakeRequest), Object(CakeResponse))
#2 C:\Users\Beatriz.Murillo\Documents\GitHub\azure\app\webroot\syndi\webroot\index.php(97): Dispatcher->dispatch(Object(CakeRequest), Object(CakeResponse))
#3 {main}
2013-02-11 19:24:39 Error: [MissingActionException] Action SyndiController::pages() could not be found.
#0 C:\Users\Beatriz.Murillo\Documents\GitHub\azure\lib\Cake\Routing\Dispatcher.php(186): Controller->invokeAction(Object(CakeRequest))
#1 C:\Users\Beatriz.Murillo\Documents\GitHub\azure\lib\Cake\Routing\Dispatcher.php(161): Dispatcher->_invoke(Object(SyndiController), Object(CakeRequest), Object(CakeResponse))
#2 C:\Users\Beatriz.Murillo\Documents\GitHub\azure\app\webroot\syndi\webroot\index.php(97): Dispatcher->dispatch(Object(CakeRequest), Object(CakeResponse))
#3 {main}
2013-02-11 19:25:12 Error: [MissingViewException] View file "C:\Users\Beatriz.Murillo\Documents\GitHub\azure\app\webroot\syndi\View\Syndi\pages.ctp" is missing.
#0 C:\Users\Beatriz.Murillo\Documents\GitHub\azure\lib\Cake\View\View.php(472): View->_getViewFileName(NULL)
#1 C:\Users\Beatriz.Murillo\Documents\GitHub\azure\lib\Cake\Controller\Controller.php(956): View->render(NULL, NULL)
#2 C:\Users\Beatriz.Murillo\Documents\GitHub\azure\lib\Cake\Routing\Dispatcher.php(193): Controller->render()
#3 C:\Users\Beatriz.Murillo\Documents\GitHub\azure\lib\Cake\Routing\Dispatcher.php(161): Dispatcher->_invoke(Object(SyndiController), Object(CakeRequest), Object(CakeResponse))
#4 C:\Users\Beatriz.Murillo\Documents\GitHub\azure\app\webroot\syndi\webroot\index.php(97): Dispatcher->dispatch(Object(CakeRequest), Object(CakeResponse))
#5 {main}
2013-02-11 21:03:37 Error: [MissingHelperException] Helper class userAuthHelper could not be found.
#0 C:\Users\Beatriz.Murillo\Documents\GitHub\azure\lib\Cake\View\HelperCollection.php(62): HelperCollection->load('userAuth')
#1 C:\Users\Beatriz.Murillo\Documents\GitHub\azure\lib\Cake\View\View.php(812): HelperCollection->__isset('userAuth')
#2 C:\Users\Beatriz.Murillo\Documents\GitHub\azure\app\webroot\syndi\View\Pages\home.ctp(8): View->__get('userAuth')
#3 C:\Users\Beatriz.Murillo\Documents\GitHub\azure\lib\Cake\View\View.php(920): include('C:\Users\Beatri...')
#4 C:\Users\Beatriz.Murillo\Documents\GitHub\azure\lib\Cake\View\View.php(883): View->_evaluate('C:\Users\Beatri...', Array)
#5 C:\Users\Beatriz.Murillo\Documents\GitHub\azure\lib\Cake\View\View.php(475): View->_render('C:\Users\Beatri...')
#6 C:\Users\Beatriz.Murillo\Documents\GitHub\azure\lib\Cake\Controller\Controller.php(956): View->render('home', NULL)
#7 C:\Users\Beatriz.Murillo\Documents\GitHub\azure\app\webroot\syndi\Controller\PagesController.php(64): Controller->render('home')
#8 [internal function]: PagesController->display('home')
#9 C:\Users\Beatriz.Murillo\Documents\GitHub\azure\lib\Cake\Controller\Controller.php(485): ReflectionMethod->invokeArgs(Object(PagesController), Array)
#10 C:\Users\Beatriz.Murillo\Documents\GitHub\azure\lib\Cake\Routing\Dispatcher.php(186): Controller->invokeAction(Object(CakeRequest))
#11 C:\Users\Beatriz.Murillo\Documents\GitHub\azure\lib\Cake\Routing\Dispatcher.php(161): Dispatcher->_invoke(Object(PagesController), Object(CakeRequest), Object(CakeResponse))
#12 C:\Users\Beatriz.Murillo\Documents\GitHub\azure\app\webroot\syndi\webroot\index.php(97): Dispatcher->dispatch(Object(CakeRequest), Object(CakeResponse))
#13 {main}
2013-02-11 21:05:20 Error: [MissingHelperException] Helper class userAuthHelper could not be found.
#0 C:\Users\Beatriz.Murillo\Documents\GitHub\azure\lib\Cake\View\HelperCollection.php(62): HelperCollection->load('userAuth')
#1 C:\Users\Beatriz.Murillo\Documents\GitHub\azure\lib\Cake\View\View.php(812): HelperCollection->__isset('userAuth')
#2 C:\Users\Beatriz.Murillo\Documents\GitHub\azure\app\webroot\syndi\View\Pages\home.ctp(8): View->__get('userAuth')
#3 C:\Users\Beatriz.Murillo\Documents\GitHub\azure\lib\Cake\View\View.php(920): include('C:\Users\Beatri...')
#4 C:\Users\Beatriz.Murillo\Documents\GitHub\azure\lib\Cake\View\View.php(883): View->_evaluate('C:\Users\Beatri...', Array)
#5 C:\Users\Beatriz.Murillo\Documents\GitHub\azure\lib\Cake\View\View.php(475): View->_render('C:\Users\Beatri...')
#6 C:\Users\Beatriz.Murillo\Documents\GitHub\azure\lib\Cake\Controller\Controller.php(956): View->render('home', NULL)
#7 C:\Users\Beatriz.Murillo\Documents\GitHub\azure\app\webroot\syndi\Controller\PagesController.php(64): Controller->render('home')
#8 [internal function]: PagesController->display('home')
#9 C:\Users\Beatriz.Murillo\Documents\GitHub\azure\lib\Cake\Controller\Controller.php(485): ReflectionMethod->invokeArgs(Object(PagesController), Array)
#10 C:\Users\Beatriz.Murillo\Documents\GitHub\azure\lib\Cake\Routing\Dispatcher.php(186): Controller->invokeAction(Object(CakeRequest))
#11 C:\Users\Beatriz.Murillo\Documents\GitHub\azure\lib\Cake\Routing\Dispatcher.php(161): Dispatcher->_invoke(Object(PagesController), Object(CakeRequest), Object(CakeResponse))
#12 C:\Users\Beatriz.Murillo\Documents\GitHub\azure\app\webroot\syndi\webroot\index.php(97): Dispatcher->dispatch(Object(CakeRequest), Object(CakeResponse))
#13 {main}
2013-02-11 21:05:31 Error: [MissingHelperException] Helper class userAuthHelper could not be found.
#0 C:\Users\Beatriz.Murillo\Documents\GitHub\azure\lib\Cake\View\HelperCollection.php(62): HelperCollection->load('userAuth')
#1 C:\Users\Beatriz.Murillo\Documents\GitHub\azure\lib\Cake\View\View.php(812): HelperCollection->__isset('userAuth')
#2 C:\Users\Beatriz.Murillo\Documents\GitHub\azure\app\webroot\syndi\View\Pages\home.ctp(8): View->__get('userAuth')
#3 C:\Users\Beatriz.Murillo\Documents\GitHub\azure\lib\Cake\View\View.php(920): include('C:\Users\Beatri...')
#4 C:\Users\Beatriz.Murillo\Documents\GitHub\azure\lib\Cake\View\View.php(883): View->_evaluate('C:\Users\Beatri...', Array)
#5 C:\Users\Beatriz.Murillo\Documents\GitHub\azure\lib\Cake\View\View.php(475): View->_render('C:\Users\Beatri...')
#6 C:\Users\Beatriz.Murillo\Documents\GitHub\azure\lib\Cake\Controller\Controller.php(956): View->render('home', NULL)
#7 C:\Users\Beatriz.Murillo\Documents\GitHub\azure\app\webroot\syndi\Controller\PagesController.php(64): Controller->render('home')
#8 [internal function]: PagesController->display('home')
#9 C:\Users\Beatriz.Murillo\Documents\GitHub\azure\lib\Cake\Controller\Controller.php(485): ReflectionMethod->invokeArgs(Object(PagesController), Array)
#10 C:\Users\Beatriz.Murillo\Documents\GitHub\azure\lib\Cake\Routing\Dispatcher.php(186): Controller->invokeAction(Object(CakeRequest))
#11 C:\Users\Beatriz.Murillo\Documents\GitHub\azure\lib\Cake\Routing\Dispatcher.php(161): Dispatcher->_invoke(Object(PagesController), Object(CakeRequest), Object(CakeResponse))
#12 C:\Users\Beatriz.Murillo\Documents\GitHub\azure\app\webroot\syndi\webroot\index.php(97): Dispatcher->dispatch(Object(CakeRequest), Object(CakeResponse))
#13 {main}
2013-02-11 21:05:32 Error: [MissingHelperException] Helper class userAuthHelper could not be found.
#0 C:\Users\Beatriz.Murillo\Documents\GitHub\azure\lib\Cake\View\HelperCollection.php(62): HelperCollection->load('userAuth')
#1 C:\Users\Beatriz.Murillo\Documents\GitHub\azure\lib\Cake\View\View.php(812): HelperCollection->__isset('userAuth')
#2 C:\Users\Beatriz.Murillo\Documents\GitHub\azure\app\webroot\syndi\View\Pages\home.ctp(8): View->__get('userAuth')
#3 C:\Users\Beatriz.Murillo\Documents\GitHub\azure\lib\Cake\View\View.php(920): include('C:\Users\Beatri...')
#4 C:\Users\Beatriz.Murillo\Documents\GitHub\azure\lib\Cake\View\View.php(883): View->_evaluate('C:\Users\Beatri...', Array)
#5 C:\Users\Beatriz.Murillo\Documents\GitHub\azure\lib\Cake\View\View.php(475): View->_render('C:\Users\Beatri...')
#6 C:\Users\Beatriz.Murillo\Documents\GitHub\azure\lib\Cake\Controller\Controller.php(956): View->render('home', NULL)
#7 C:\Users\Beatriz.Murillo\Documents\GitHub\azure\app\webroot\syndi\Controller\PagesController.php(64): Controller->render('home')
#8 [internal function]: PagesController->display('home')
#9 C:\Users\Beatriz.Murillo\Documents\GitHub\azure\lib\Cake\Controller\Controller.php(485): ReflectionMethod->invokeArgs(Object(PagesController), Array)
#10 C:\Users\Beatriz.Murillo\Documents\GitHub\azure\lib\Cake\Routing\Dispatcher.php(186): Controller->invokeAction(Object(CakeRequest))
#11 C:\Users\Beatriz.Murillo\Documents\GitHub\azure\lib\Cake\Routing\Dispatcher.php(161): Dispatcher->_invoke(Object(PagesController), Object(CakeRequest), Object(CakeResponse))
#12 C:\Users\Beatriz.Murillo\Documents\GitHub\azure\app\webroot\syndi\webroot\index.php(97): Dispatcher->dispatch(Object(CakeRequest), Object(CakeResponse))
#13 {main}
2013-02-11 21:06:13 Error: [MissingHelperException] Helper class userAuthHelper could not be found.
#0 C:\Users\Beatriz.Murillo\Documents\GitHub\azure\lib\Cake\View\HelperCollection.php(62): HelperCollection->load('userAuth')
#1 C:\Users\Beatriz.Murillo\Documents\GitHub\azure\lib\Cake\View\View.php(812): HelperCollection->__isset('userAuth')
#2 C:\Users\Beatriz.Murillo\Documents\GitHub\azure\app\webroot\syndi\View\Pages\home.ctp(8): View->__get('userAuth')
#3 C:\Users\Beatriz.Murillo\Documents\GitHub\azure\lib\Cake\View\View.php(920): include('C:\Users\Beatri...')
#4 C:\Users\Beatriz.Murillo\Documents\GitHub\azure\lib\Cake\View\View.php(883): View->_evaluate('C:\Users\Beatri...', Array)
#5 C:\Users\Beatriz.Murillo\Documents\GitHub\azure\lib\Cake\View\View.php(475): View->_render('C:\Users\Beatri...')
#6 C:\Users\Beatriz.Murillo\Documents\GitHub\azure\lib\Cake\Controller\Controller.php(956): View->render('home', NULL)
#7 C:\Users\Beatriz.Murillo\Documents\GitHub\azure\app\webroot\syndi\Controller\PagesController.php(64): Controller->render('home')
#8 [internal function]: PagesController->display('home')
#9 C:\Users\Beatriz.Murillo\Documents\GitHub\azure\lib\Cake\Controller\Controller.php(485): ReflectionMethod->invokeArgs(Object(PagesController), Array)
#10 C:\Users\Beatriz.Murillo\Documents\GitHub\azure\lib\Cake\Routing\Dispatcher.php(186): Controller->invokeAction(Object(CakeRequest))
#11 C:\Users\Beatriz.Murillo\Documents\GitHub\azure\lib\Cake\Routing\Dispatcher.php(161): Dispatcher->_invoke(Object(PagesController), Object(CakeRequest), Object(CakeResponse))
#12 C:\Users\Beatriz.Murillo\Documents\GitHub\azure\app\webroot\syndi\webroot\index.php(97): Dispatcher->dispatch(Object(CakeRequest), Object(CakeResponse))
#13 {main}
2013-02-11 21:06:23 Error: [MissingHelperException] Helper class userAuthHelper could not be found.
#0 C:\Users\Beatriz.Murillo\Documents\GitHub\azure\lib\Cake\View\HelperCollection.php(62): HelperCollection->load('userAuth')
#1 C:\Users\Beatriz.Murillo\Documents\GitHub\azure\lib\Cake\View\View.php(812): HelperCollection->__isset('userAuth')
#2 C:\Users\Beatriz.Murillo\Documents\GitHub\azure\app\webroot\syndi\View\Pages\home.ctp(8): View->__get('userAuth')
#3 C:\Users\Beatriz.Murillo\Documents\GitHub\azure\lib\Cake\View\View.php(920): include('C:\Users\Beatri...')
#4 C:\Users\Beatriz.Murillo\Documents\GitHub\azure\lib\Cake\View\View.php(883): View->_evaluate('C:\Users\Beatri...', Array)
#5 C:\Users\Beatriz.Murillo\Documents\GitHub\azure\lib\Cake\View\View.php(475): View->_render('C:\Users\Beatri...')
#6 C:\Users\Beatriz.Murillo\Documents\GitHub\azure\lib\Cake\Controller\Controller.php(956): View->render('home', NULL)
#7 C:\Users\Beatriz.Murillo\Documents\GitHub\azure\app\webroot\syndi\Controller\PagesController.php(64): Controller->render('home')
#8 [internal function]: PagesController->display('home')
#9 C:\Users\Beatriz.Murillo\Documents\GitHub\azure\lib\Cake\Controller\Controller.php(485): ReflectionMethod->invokeArgs(Object(PagesController), Array)
#10 C:\Users\Beatriz.Murillo\Documents\GitHub\azure\lib\Cake\Routing\Dispatcher.php(186): Controller->invokeAction(Object(CakeRequest))
#11 C:\Users\Beatriz.Murillo\Documents\GitHub\azure\lib\Cake\Routing\Dispatcher.php(161): Dispatcher->_invoke(Object(PagesController), Object(CakeRequest), Object(CakeResponse))
#12 C:\Users\Beatriz.Murillo\Documents\GitHub\azure\app\webroot\syndi\webroot\index.php(97): Dispatcher->dispatch(Object(CakeRequest), Object(CakeResponse))
#13 {main}
2013-02-11 21:06:24 Error: [MissingHelperException] Helper class userAuthHelper could not be found.
#0 C:\Users\Beatriz.Murillo\Documents\GitHub\azure\lib\Cake\View\HelperCollection.php(62): HelperCollection->load('userAuth')
#1 C:\Users\Beatriz.Murillo\Documents\GitHub\azure\lib\Cake\View\View.php(812): HelperCollection->__isset('userAuth')
#2 C:\Users\Beatriz.Murillo\Documents\GitHub\azure\app\webroot\syndi\View\Pages\home.ctp(8): View->__get('userAuth')
#3 C:\Users\Beatriz.Murillo\Documents\GitHub\azure\lib\Cake\View\View.php(920): include('C:\Users\Beatri...')
#4 C:\Users\Beatriz.Murillo\Documents\GitHub\azure\lib\Cake\View\View.php(883): View->_evaluate('C:\Users\Beatri...', Array)
#5 C:\Users\Beatriz.Murillo\Documents\GitHub\azure\lib\Cake\View\View.php(475): View->_render('C:\Users\Beatri...')
#6 C:\Users\Beatriz.Murillo\Documents\GitHub\azure\lib\Cake\Controller\Controller.php(956): View->render('home', NULL)
#7 C:\Users\Beatriz.Murillo\Documents\GitHub\azure\app\webroot\syndi\Controller\PagesController.php(64): Controller->render('home')
#8 [internal function]: PagesController->display('home')
#9 C:\Users\Beatriz.Murillo\Documents\GitHub\azure\lib\Cake\Controller\Controller.php(485): ReflectionMethod->invokeArgs(Object(PagesController), Array)
#10 C:\Users\Beatriz.Murillo\Documents\GitHub\azure\lib\Cake\Routing\Dispatcher.php(186): Controller->invokeAction(Object(CakeRequest))
#11 C:\Users\Beatriz.Murillo\Documents\GitHub\azure\lib\Cake\Routing\Dispatcher.php(161): Dispatcher->_invoke(Object(PagesController), Object(CakeRequest), Object(CakeResponse))
#12 C:\Users\Beatriz.Murillo\Documents\GitHub\azure\app\webroot\syndi\webroot\index.php(97): Dispatcher->dispatch(Object(CakeRequest), Object(CakeResponse))
#13 {main}
2013-02-11 21:06:35 Error: [NotFoundException] Invalid test app
#0 [internal function]: PagesController->display('home')
#1 C:\Users\Beatriz.Murillo\Documents\GitHub\azure\lib\Cake\Controller\Controller.php(485): ReflectionMethod->invokeArgs(Object(PagesController), Array)
#2 C:\Users\Beatriz.Murillo\Documents\GitHub\azure\lib\Cake\Routing\Dispatcher.php(186): Controller->invokeAction(Object(CakeRequest))
#3 C:\Users\Beatriz.Murillo\Documents\GitHub\azure\lib\Cake\Routing\Dispatcher.php(161): Dispatcher->_invoke(Object(PagesController), Object(CakeRequest), Object(CakeResponse))
#4 C:\Users\Beatriz.Murillo\Documents\GitHub\azure\app\webroot\syndi\webroot\index.php(97): Dispatcher->dispatch(Object(CakeRequest), Object(CakeResponse))
#5 {main}
2013-02-11 21:07:07 Error: [NotFoundException] Invalid test app
#0 [internal function]: PagesController->display('home')
#1 C:\Users\Beatriz.Murillo\Documents\GitHub\azure\lib\Cake\Controller\Controller.php(485): ReflectionMethod->invokeArgs(Object(PagesController), Array)
#2 C:\Users\Beatriz.Murillo\Documents\GitHub\azure\lib\Cake\Routing\Dispatcher.php(186): Controller->invokeAction(Object(CakeRequest))
#3 C:\Users\Beatriz.Murillo\Documents\GitHub\azure\lib\Cake\Routing\Dispatcher.php(161): Dispatcher->_invoke(Object(PagesController), Object(CakeRequest), Object(CakeResponse))
#4 C:\Users\Beatriz.Murillo\Documents\GitHub\azure\app\webroot\syndi\webroot\index.php(97): Dispatcher->dispatch(Object(CakeRequest), Object(CakeResponse))
#5 {main}
2013-02-11 21:13:26 Error: [NotFoundException] Invalid test app
#0 [internal function]: PagesController->display('home')
#1 C:\Users\Beatriz.Murillo\Documents\GitHub\azure\lib\Cake\Controller\Controller.php(485): ReflectionMethod->invokeArgs(Object(PagesController), Array)
#2 C:\Users\Beatriz.Murillo\Documents\GitHub\azure\lib\Cake\Routing\Dispatcher.php(186): Controller->invokeAction(Object(CakeRequest))
#3 C:\Users\Beatriz.Murillo\Documents\GitHub\azure\lib\Cake\Routing\Dispatcher.php(161): Dispatcher->_invoke(Object(PagesController), Object(CakeRequest), Object(CakeResponse))
#4 C:\Users\Beatriz.Murillo\Documents\GitHub\azure\app\webroot\syndi\webroot\index.php(97): Dispatcher->dispatch(Object(CakeRequest), Object(CakeResponse))
#5 {main}
2013-02-11 21:15:17 Error: [NotFoundException] Invalid test app
#0 [internal function]: PagesController->display('home')
#1 C:\Users\Beatriz.Murillo\Documents\GitHub\azure\lib\Cake\Controller\Controller.php(485): ReflectionMethod->invokeArgs(Object(PagesController), Array)
#2 C:\Users\Beatriz.Murillo\Documents\GitHub\azure\lib\Cake\Routing\Dispatcher.php(186): Controller->invokeAction(Object(CakeRequest))
#3 C:\Users\Beatriz.Murillo\Documents\GitHub\azure\lib\Cake\Routing\Dispatcher.php(161): Dispatcher->_invoke(Object(PagesController), Object(CakeRequest), Object(CakeResponse))
#4 C:\Users\Beatriz.Murillo\Documents\GitHub\azure\app\webroot\syndi\webroot\index.php(97): Dispatcher->dispatch(Object(CakeRequest), Object(CakeResponse))
#5 {main}
2013-02-11 21:15:32 Error: [MissingActionException] Action SyndiController::index() could not be found.
#0 C:\Users\Beatriz.Murillo\Documents\GitHub\azure\lib\Cake\Routing\Dispatcher.php(186): Controller->invokeAction(Object(CakeRequest))
#1 C:\Users\Beatriz.Murillo\Documents\GitHub\azure\lib\Cake\Routing\Dispatcher.php(161): Dispatcher->_invoke(Object(SyndiController), Object(CakeRequest), Object(CakeResponse))
#2 C:\Users\Beatriz.Murillo\Documents\GitHub\azure\app\webroot\syndi\webroot\index.php(97): Dispatcher->dispatch(Object(CakeRequest), Object(CakeResponse))
#3 {main}
2013-02-11 21:18:04 Error: [MissingTableException] Table websvc_orochis for model WebsvcOrochi was not found in datasource default.
#0 C:\Users\Beatriz.Murillo\Documents\GitHub\azure\lib\Cake\Model\Model.php(3186): Model->setSource('websvc_orochis')
#1 C:\Users\Beatriz.Murillo\Documents\GitHub\azure\lib\Cake\Model\Model.php(2637): Model->getDataSource()
#2 C:\Users\Beatriz.Murillo\Documents\GitHub\azure\lib\Cake\Model\Model.php(1520): Model->find('first', Array)
#3 C:\Users\Beatriz.Murillo\Documents\GitHub\azure\app\webroot\syndi\Controller\PagesController.php(71): Model->read(NULL, 'home')
#4 [internal function]: PagesController->display('home')
#5 C:\Users\Beatriz.Murillo\Documents\GitHub\azure\lib\Cake\Controller\Controller.php(485): ReflectionMethod->invokeArgs(Object(PagesController), Array)
#6 C:\Users\Beatriz.Murillo\Documents\GitHub\azure\lib\Cake\Routing\Dispatcher.php(186): Controller->invokeAction(Object(CakeRequest))
#7 C:\Users\Beatriz.Murillo\Documents\GitHub\azure\lib\Cake\Routing\Dispatcher.php(161): Dispatcher->_invoke(Object(PagesController), Object(CakeRequest), Object(CakeResponse))
#8 C:\Users\Beatriz.Murillo\Documents\GitHub\azure\app\webroot\syndi\webroot\index.php(97): Dispatcher->dispatch(Object(CakeRequest), Object(CakeResponse))
#9 {main}
2013-02-11 21:22:19 Error: [NotFoundException] Invalid test app
#0 [internal function]: PagesController->display('home')
#1 C:\Users\Beatriz.Murillo\Documents\GitHub\azure\lib\Cake\Controller\Controller.php(485): ReflectionMethod->invokeArgs(Object(PagesController), Array)
#2 C:\Users\Beatriz.Murillo\Documents\GitHub\azure\lib\Cake\Routing\Dispatcher.php(186): Controller->invokeAction(Object(CakeRequest))
#3 C:\Users\Beatriz.Murillo\Documents\GitHub\azure\lib\Cake\Routing\Dispatcher.php(161): Dispatcher->_invoke(Object(PagesController), Object(CakeRequest), Object(CakeResponse))
#4 C:\Users\Beatriz.Murillo\Documents\GitHub\azure\app\webroot\syndi\webroot\index.php(97): Dispatcher->dispatch(Object(CakeRequest), Object(CakeResponse))
#5 {main}
2013-02-11 21:34:38 Error: [NotFoundException] Invalid test app
#0 [internal function]: PagesController->display('home')
#1 C:\Users\Beatriz.Murillo\Documents\GitHub\azure\lib\Cake\Controller\Controller.php(485): ReflectionMethod->invokeArgs(Object(PagesController), Array)
#2 C:\Users\Beatriz.Murillo\Documents\GitHub\azure\lib\Cake\Routing\Dispatcher.php(186): Controller->invokeAction(Object(CakeRequest))
#3 C:\Users\Beatriz.Murillo\Documents\GitHub\azure\lib\Cake\Routing\Dispatcher.php(161): Dispatcher->_invoke(Object(PagesController), Object(CakeRequest), Object(CakeResponse))
#4 C:\Users\Beatriz.Murillo\Documents\GitHub\azure\app\webroot\syndi\webroot\index.php(97): Dispatcher->dispatch(Object(CakeRequest), Object(CakeResponse))
#5 {main}
2013-02-11 21:34:40 Error: [NotFoundException] Invalid test app
#0 [internal function]: PagesController->display('home')
#1 C:\Users\Beatriz.Murillo\Documents\GitHub\azure\lib\Cake\Controller\Controller.php(485): ReflectionMethod->invokeArgs(Object(PagesController), Array)
#2 C:\Users\Beatriz.Murillo\Documents\GitHub\azure\lib\Cake\Routing\Dispatcher.php(186): Controller->invokeAction(Object(CakeRequest))
#3 C:\Users\Beatriz.Murillo\Documents\GitHub\azure\lib\Cake\Routing\Dispatcher.php(161): Dispatcher->_invoke(Object(PagesController), Object(CakeRequest), Object(CakeResponse))
#4 C:\Users\Beatriz.Murillo\Documents\GitHub\azure\app\webroot\syndi\webroot\index.php(97): Dispatcher->dispatch(Object(CakeRequest), Object(CakeResponse))
#5 {main}
2013-02-11 21:34:40 Error: [NotFoundException] Invalid test app
#0 [internal function]: PagesController->display('home')
#1 C:\Users\Beatriz.Murillo\Documents\GitHub\azure\lib\Cake\Controller\Controller.php(485): ReflectionMethod->invokeArgs(Object(PagesController), Array)
#2 C:\Users\Beatriz.Murillo\Documents\GitHub\azure\lib\Cake\Routing\Dispatcher.php(186): Controller->invokeAction(Object(CakeRequest))
#3 C:\Users\Beatriz.Murillo\Documents\GitHub\azure\lib\Cake\Routing\Dispatcher.php(161): Dispatcher->_invoke(Object(PagesController), Object(CakeRequest), Object(CakeResponse))
#4 C:\Users\Beatriz.Murillo\Documents\GitHub\azure\app\webroot\syndi\webroot\index.php(97): Dispatcher->dispatch(Object(CakeRequest), Object(CakeResponse))
#5 {main}
2013-02-11 22:58:39 Error: [NotFoundException] Invalid test app
#0 C:\Users\Beatriz.Murillo\Documents\GitHub\azure\app\webroot\syndi\Controller\PagesController.php(66): PagesController->getData()
#1 [internal function]: PagesController->display('home')
#2 C:\Users\Beatriz.Murillo\Documents\GitHub\azure\lib\Cake\Controller\Controller.php(485): ReflectionMethod->invokeArgs(Object(PagesController), Array)
#3 C:\Users\Beatriz.Murillo\Documents\GitHub\azure\lib\Cake\Routing\Dispatcher.php(186): Controller->invokeAction(Object(CakeRequest))
#4 C:\Users\Beatriz.Murillo\Documents\GitHub\azure\lib\Cake\Routing\Dispatcher.php(161): Dispatcher->_invoke(Object(PagesController), Object(CakeRequest), Object(CakeResponse))
#5 C:\Users\Beatriz.Murillo\Documents\GitHub\azure\app\webroot\syndi\webroot\index.php(97): Dispatcher->dispatch(Object(CakeRequest), Object(CakeResponse))
#6 {main}
2013-02-11 22:58:44 Error: [NotFoundException] Invalid test app
#0 C:\Users\Beatriz.Murillo\Documents\GitHub\azure\app\webroot\syndi\Controller\PagesController.php(66): PagesController->getData()
#1 [internal function]: PagesController->display('home')
#2 C:\Users\Beatriz.Murillo\Documents\GitHub\azure\lib\Cake\Controller\Controller.php(485): ReflectionMethod->invokeArgs(Object(PagesController), Array)
#3 C:\Users\Beatriz.Murillo\Documents\GitHub\azure\lib\Cake\Routing\Dispatcher.php(186): Controller->invokeAction(Object(CakeRequest))
#4 C:\Users\Beatriz.Murillo\Documents\GitHub\azure\lib\Cake\Routing\Dispatcher.php(161): Dispatcher->_invoke(Object(PagesController), Object(CakeRequest), Object(CakeResponse))
#5 C:\Users\Beatriz.Murillo\Documents\GitHub\azure\app\webroot\syndi\webroot\index.php(97): Dispatcher->dispatch(Object(CakeRequest), Object(CakeResponse))
#6 {main}
2013-02-11 22:58:53 Error: [NotFoundException] Invalid test app
#0 C:\Users\Beatriz.Murillo\Documents\GitHub\azure\app\webroot\syndi\Controller\PagesController.php(66): PagesController->getData()
#1 [internal function]: PagesController->display('home')
#2 C:\Users\Beatriz.Murillo\Documents\GitHub\azure\lib\Cake\Controller\Controller.php(485): ReflectionMethod->invokeArgs(Object(PagesController), Array)
#3 C:\Users\Beatriz.Murillo\Documents\GitHub\azure\lib\Cake\Routing\Dispatcher.php(186): Controller->invokeAction(Object(CakeRequest))
#4 C:\Users\Beatriz.Murillo\Documents\GitHub\azure\lib\Cake\Routing\Dispatcher.php(161): Dispatcher->_invoke(Object(PagesController), Object(CakeRequest), Object(CakeResponse))
#5 C:\Users\Beatriz.Murillo\Documents\GitHub\azure\app\webroot\syndi\webroot\index.php(97): Dispatcher->dispatch(Object(CakeRequest), Object(CakeResponse))
#6 {main}
2013-02-11 22:59:01 Error: [NotFoundException] Invalid test app
#0 C:\Users\Beatriz.Murillo\Documents\GitHub\azure\app\webroot\syndi\Controller\PagesController.php(66): PagesController->getData()
#1 [internal function]: PagesController->display('home')
#2 C:\Users\Beatriz.Murillo\Documents\GitHub\azure\lib\Cake\Controller\Controller.php(485): ReflectionMethod->invokeArgs(Object(PagesController), Array)
#3 C:\Users\Beatriz.Murillo\Documents\GitHub\azure\lib\Cake\Routing\Dispatcher.php(186): Controller->invokeAction(Object(CakeRequest))
#4 C:\Users\Beatriz.Murillo\Documents\GitHub\azure\lib\Cake\Routing\Dispatcher.php(161): Dispatcher->_invoke(Object(PagesController), Object(CakeRequest), Object(CakeResponse))
#5 C:\Users\Beatriz.Murillo\Documents\GitHub\azure\app\webroot\syndi\webroot\index.php(97): Dispatcher->dispatch(Object(CakeRequest), Object(CakeResponse))
#6 {main}
2013-02-11 22:59:08 Error: [NotFoundException] Invalid test app
#0 C:\Users\Beatriz.Murillo\Documents\GitHub\azure\app\webroot\syndi\Controller\PagesController.php(66): PagesController->getData(NULL)
#1 [internal function]: PagesController->display('home')
#2 C:\Users\Beatriz.Murillo\Documents\GitHub\azure\lib\Cake\Controller\Controller.php(485): ReflectionMethod->invokeArgs(Object(PagesController), Array)
#3 C:\Users\Beatriz.Murillo\Documents\GitHub\azure\lib\Cake\Routing\Dispatcher.php(186): Controller->invokeAction(Object(CakeRequest))
#4 C:\Users\Beatriz.Murillo\Documents\GitHub\azure\lib\Cake\Routing\Dispatcher.php(161): Dispatcher->_invoke(Object(PagesController), Object(CakeRequest), Object(CakeResponse))
#5 C:\Users\Beatriz.Murillo\Documents\GitHub\azure\app\webroot\syndi\webroot\index.php(97): Dispatcher->dispatch(Object(CakeRequest), Object(CakeResponse))
#6 {main}
2013-02-11 22:59:09 Error: [NotFoundException] Invalid test app
#0 C:\Users\Beatriz.Murillo\Documents\GitHub\azure\app\webroot\syndi\Controller\PagesController.php(66): PagesController->getData(NULL)
#1 [internal function]: PagesController->display('home')
#2 C:\Users\Beatriz.Murillo\Documents\GitHub\azure\lib\Cake\Controller\Controller.php(485): ReflectionMethod->invokeArgs(Object(PagesController), Array)
#3 C:\Users\Beatriz.Murillo\Documents\GitHub\azure\lib\Cake\Routing\Dispatcher.php(186): Controller->invokeAction(Object(CakeRequest))
#4 C:\Users\Beatriz.Murillo\Documents\GitHub\azure\lib\Cake\Routing\Dispatcher.php(161): Dispatcher->_invoke(Object(PagesController), Object(CakeRequest), Object(CakeResponse))
#5 C:\Users\Beatriz.Murillo\Documents\GitHub\azure\app\webroot\syndi\webroot\index.php(97): Dispatcher->dispatch(Object(CakeRequest), Object(CakeResponse))
#6 {main}
2013-02-11 23:07:29 Error: [MissingHelperException] Helper class orochiHelper could not be found.
#0 C:\Users\Beatriz.Murillo\Documents\GitHub\azure\lib\Cake\View\HelperCollection.php(62): HelperCollection->load('orochi')
#1 C:\Users\Beatriz.Murillo\Documents\GitHub\azure\lib\Cake\View\View.php(812): HelperCollection->__isset('orochi')
#2 C:\Users\Beatriz.Murillo\Documents\GitHub\azure\app\webroot\syndi\View\Pages\home.ctp(8): View->__get('orochi')
#3 C:\Users\Beatriz.Murillo\Documents\GitHub\azure\lib\Cake\View\View.php(920): include('C:\Users\Beatri...')
#4 C:\Users\Beatriz.Murillo\Documents\GitHub\azure\lib\Cake\View\View.php(883): View->_evaluate('C:\Users\Beatri...', Array)
#5 C:\Users\Beatriz.Murillo\Documents\GitHub\azure\lib\Cake\View\View.php(475): View->_render('C:\Users\Beatri...')
#6 C:\Users\Beatriz.Murillo\Documents\GitHub\azure\lib\Cake\Controller\Controller.php(956): View->render('home', NULL)
#7 C:\Users\Beatriz.Murillo\Documents\GitHub\azure\app\webroot\syndi\Controller\PagesController.php(64): Controller->render('home')
#8 [internal function]: PagesController->display('home')
#9 C:\Users\Beatriz.Murillo\Documents\GitHub\azure\lib\Cake\Controller\Controller.php(485): ReflectionMethod->invokeArgs(Object(PagesController), Array)
#10 C:\Users\Beatriz.Murillo\Documents\GitHub\azure\lib\Cake\Routing\Dispatcher.php(186): Controller->invokeAction(Object(CakeRequest))
#11 C:\Users\Beatriz.Murillo\Documents\GitHub\azure\lib\Cake\Routing\Dispatcher.php(161): Dispatcher->_invoke(Object(PagesController), Object(CakeRequest), Object(CakeResponse))
#12 C:\Users\Beatriz.Murillo\Documents\GitHub\azure\app\webroot\syndi\webroot\index.php(97): Dispatcher->dispatch(Object(CakeRequest), Object(CakeResponse))
#13 {main}
2013-02-11 23:29:56 Error: [MissingHelperException] Helper class titleHelper could not be found.
#0 C:\Users\Beatriz.Murillo\Documents\GitHub\azure\lib\Cake\View\HelperCollection.php(62): HelperCollection->load('title')
#1 C:\Users\Beatriz.Murillo\Documents\GitHub\azure\lib\Cake\View\View.php(812): HelperCollection->__isset('title')
#2 C:\Users\Beatriz.Murillo\Documents\GitHub\azure\app\webroot\syndi\View\Pages\home.ctp(8): View->__get('title')
#3 C:\Users\Beatriz.Murillo\Documents\GitHub\azure\lib\Cake\View\View.php(920): include('C:\Users\Beatri...')
#4 C:\Users\Beatriz.Murillo\Documents\GitHub\azure\lib\Cake\View\View.php(883): View->_evaluate('C:\Users\Beatri...', Array)
#5 C:\Users\Beatriz.Murillo\Documents\GitHub\azure\lib\Cake\View\View.php(475): View->_render('C:\Users\Beatri...')
#6 C:\Users\Beatriz.Murillo\Documents\GitHub\azure\lib\Cake\Controller\Controller.php(956): View->render('home', NULL)
#7 C:\Users\Beatriz.Murillo\Documents\GitHub\azure\app\webroot\syndi\Controller\PagesController.php(64): Controller->render('home')
#8 [internal function]: PagesController->display('home')
#9 C:\Users\Beatriz.Murillo\Documents\GitHub\azure\lib\Cake\Controller\Controller.php(485): ReflectionMethod->invokeArgs(Object(PagesController), Array)
#10 C:\Users\Beatriz.Murillo\Documents\GitHub\azure\lib\Cake\Routing\Dispatcher.php(186): Controller->invokeAction(Object(CakeRequest))
#11 C:\Users\Beatriz.Murillo\Documents\GitHub\azure\lib\Cake\Routing\Dispatcher.php(161): Dispatcher->_invoke(Object(PagesController), Object(CakeRequest), Object(CakeResponse))
#12 C:\Users\Beatriz.Murillo\Documents\GitHub\azure\app\webroot\syndi\webroot\index.php(97): Dispatcher->dispatch(Object(CakeRequest), Object(CakeResponse))
#13 {main}
2013-02-11 23:49:15 Error: [MissingControllerException] Controller class ListaController could not be found.
#0 C:\Users\Beatriz.Murillo\Documents\GitHub\azure\app\webroot\syndi\webroot\index.php(97): Dispatcher->dispatch(Object(CakeRequest), Object(CakeResponse))
#1 {main}
2013-02-11 23:56:56 Error: [MissingViewException] View file "C:\Users\Beatriz.Murillo\Documents\GitHub\azure\app\webroot\syndi\View\Pages\display.ctp" is missing.
#0 C:\Users\Beatriz.Murillo\Documents\GitHub\azure\lib\Cake\View\View.php(472): View->_getViewFileName(NULL)
#1 C:\Users\Beatriz.Murillo\Documents\GitHub\azure\lib\Cake\Controller\Controller.php(956): View->render(NULL, NULL)
#2 C:\Users\Beatriz.Murillo\Documents\GitHub\azure\lib\Cake\Routing\Dispatcher.php(193): Controller->render()
#3 C:\Users\Beatriz.Murillo\Documents\GitHub\azure\lib\Cake\Routing\Dispatcher.php(161): Dispatcher->_invoke(Object(PagesController), Object(CakeRequest), Object(CakeResponse))
#4 C:\Users\Beatriz.Murillo\Documents\GitHub\azure\app\webroot\syndi\webroot\index.php(97): Dispatcher->dispatch(Object(CakeRequest), Object(CakeResponse))
#5 {main}
2013-02-12 00:48:49 Error: Fatal Error (1): Call to a member function find() on a non-object in [C:\Users\Beatriz.Murillo\Documents\GitHub\azure\app\webroot\syndi\Controller\PagesController.php, line 90]
2013-02-12 00:48:49 Error: [FatalErrorException] Call to a member function find() on a non-object
#0 C:\Users\Beatriz.Murillo\Documents\GitHub\azure\lib\Cake\Error\ErrorHandler.php(161): ErrorHandler::handleFatalError(1, 'Call to a membe...', 'C:\Users\Beatri...', 90)
#1 [internal function]: ErrorHandler::handleError(1, 'Call to a membe...', 'C:\Users\Beatri...', 90, Array)
#2 C:\Users\Beatriz.Murillo\Documents\GitHub\azure\lib\Cake\Core\App.php(926): call_user_func('ErrorHandler::h...', 1, 'Call to a membe...', 'C:\Users\Beatri...', 90, Array)
#3 C:\Users\Beatriz.Murillo\Documents\GitHub\azure\lib\Cake\Core\App.php(899): App::_checkFatalError()
#4 [internal function]: App::shutdown()
#5 {main}
2013-02-12 00:55:42 Error: [NotFoundException] Invalid test app
#0 C:\Users\Beatriz.Murillo\Documents\GitHub\azure\app\webroot\syndi\Controller\PagesController.php(64): PagesController->getData()
#1 [internal function]: PagesController->display('home')
#2 C:\Users\Beatriz.Murillo\Documents\GitHub\azure\lib\Cake\Controller\Controller.php(485): ReflectionMethod->invokeArgs(Object(PagesController), Array)
#3 C:\Users\Beatriz.Murillo\Documents\GitHub\azure\lib\Cake\Routing\Dispatcher.php(186): Controller->invokeAction(Object(CakeRequest))
#4 C:\Users\Beatriz.Murillo\Documents\GitHub\azure\lib\Cake\Routing\Dispatcher.php(161): Dispatcher->_invoke(Object(PagesController), Object(CakeRequest), Object(CakeResponse))
#5 C:\Users\Beatriz.Murillo\Documents\GitHub\azure\app\webroot\syndi\webroot\index.php(97): Dispatcher->dispatch(Object(CakeRequest), Object(CakeResponse))
#6 {main}
2013-02-12 00:55:49 Error: [NotFoundException] Invalid test app
#0 C:\Users\Beatriz.Murillo\Documents\GitHub\azure\app\webroot\syndi\Controller\PagesController.php(64): PagesController->getData(NULL)
#1 [internal function]: PagesController->display('home')
#2 C:\Users\Beatriz.Murillo\Documents\GitHub\azure\lib\Cake\Controller\Controller.php(485): ReflectionMethod->invokeArgs(Object(PagesController), Array)
#3 C:\Users\Beatriz.Murillo\Documents\GitHub\azure\lib\Cake\Routing\Dispatcher.php(186): Controller->invokeAction(Object(CakeRequest))
#4 C:\Users\Beatriz.Murillo\Documents\GitHub\azure\lib\Cake\Routing\Dispatcher.php(161): Dispatcher->_invoke(Object(PagesController), Object(CakeRequest), Object(CakeResponse))
#5 C:\Users\Beatriz.Murillo\Documents\GitHub\azure\app\webroot\syndi\webroot\index.php(97): Dispatcher->dispatch(Object(CakeRequest), Object(CakeResponse))
#6 {main}
2013-02-12 01:04:37 Error: [NotFoundException] Invalid test app
#0 C:\Users\Beatriz.Murillo\Documents\GitHub\azure\app\webroot\syndi\Controller\PagesController.php(64): PagesController->getData()
#1 [internal function]: PagesController->display('home')
#2 C:\Users\Beatriz.Murillo\Documents\GitHub\azure\lib\Cake\Controller\Controller.php(485): ReflectionMethod->invokeArgs(Object(PagesController), Array)
#3 C:\Users\Beatriz.Murillo\Documents\GitHub\azure\lib\Cake\Routing\Dispatcher.php(186): Controller->invokeAction(Object(CakeRequest))
#4 C:\Users\Beatriz.Murillo\Documents\GitHub\azure\lib\Cake\Routing\Dispatcher.php(161): Dispatcher->_invoke(Object(PagesController), Object(CakeRequest), Object(CakeResponse))
#5 C:\Users\Beatriz.Murillo\Documents\GitHub\azure\app\webroot\syndi\webroot\index.php(97): Dispatcher->dispatch(Object(CakeRequest), Object(CakeResponse))
#6 {main}
2013-02-12 01:05:43 Error: [NotFoundException] Invalid test app
#0 C:\Users\Beatriz.Murillo\Documents\GitHub\azure\app\webroot\syndi\Controller\PagesController.php(64): PagesController->getData()
#1 [internal function]: PagesController->display('home')
#2 C:\Users\Beatriz.Murillo\Documents\GitHub\azure\lib\Cake\Controller\Controller.php(485): ReflectionMethod->invokeArgs(Object(PagesController), Array)
#3 C:\Users\Beatriz.Murillo\Documents\GitHub\azure\lib\Cake\Routing\Dispatcher.php(186): Controller->invokeAction(Object(CakeRequest))
#4 C:\Users\Beatriz.Murillo\Documents\GitHub\azure\lib\Cake\Routing\Dispatcher.php(161): Dispatcher->_invoke(Object(PagesController), Object(CakeRequest), Object(CakeResponse))
#5 C:\Users\Beatriz.Murillo\Documents\GitHub\azure\app\webroot\syndi\webroot\index.php(97): Dispatcher->dispatch(Object(CakeRequest), Object(CakeResponse))
#6 {main}
2013-02-12 01:05:45 Error: [NotFoundException] Invalid test app
#0 C:\Users\Beatriz.Murillo\Documents\GitHub\azure\app\webroot\syndi\Controller\PagesController.php(64): PagesController->getData()
#1 [internal function]: PagesController->display('home')
#2 C:\Users\Beatriz.Murillo\Documents\GitHub\azure\lib\Cake\Controller\Controller.php(485): ReflectionMethod->invokeArgs(Object(PagesController), Array)
#3 C:\Users\Beatriz.Murillo\Documents\GitHub\azure\lib\Cake\Routing\Dispatcher.php(186): Controller->invokeAction(Object(CakeRequest))
#4 C:\Users\Beatriz.Murillo\Documents\GitHub\azure\lib\Cake\Routing\Dispatcher.php(161): Dispatcher->_invoke(Object(PagesController), Object(CakeRequest), Object(CakeResponse))
#5 C:\Users\Beatriz.Murillo\Documents\GitHub\azure\app\webroot\syndi\webroot\index.php(97): Dispatcher->dispatch(Object(CakeRequest), Object(CakeResponse))
#6 {main}
2013-02-12 01:12:28 Error: [NotFoundException] Invalid test app
#0 C:\Users\Beatriz.Murillo\Documents\GitHub\azure\app\webroot\syndi\Controller\PagesController.php(64): PagesController->getData()
#1 [internal function]: PagesController->display('home')
#2 C:\Users\Beatriz.Murillo\Documents\GitHub\azure\lib\Cake\Controller\Controller.php(485): ReflectionMethod->invokeArgs(Object(PagesController), Array)
#3 C:\Users\Beatriz.Murillo\Documents\GitHub\azure\lib\Cake\Routing\Dispatcher.php(186): Controller->invokeAction(Object(CakeRequest))
#4 C:\Users\Beatriz.Murillo\Documents\GitHub\azure\lib\Cake\Routing\Dispatcher.php(161): Dispatcher->_invoke(Object(PagesController), Object(CakeRequest), Object(CakeResponse))
#5 C:\Users\Beatriz.Murillo\Documents\GitHub\azure\app\webroot\syndi\webroot\index.php(97): Dispatcher->dispatch(Object(CakeRequest), Object(CakeResponse))
#6 {main}
2013-02-12 01:14:04 Error: [NotFoundException] Invalid test app
#0 C:\Users\Beatriz.Murillo\Documents\GitHub\azure\app\webroot\syndi\Controller\PagesController.php(64): PagesController->getData()
#1 [internal function]: PagesController->display('home')
#2 C:\Users\Beatriz.Murillo\Documents\GitHub\azure\lib\Cake\Controller\Controller.php(485): ReflectionMethod->invokeArgs(Object(PagesController), Array)
#3 C:\Users\Beatriz.Murillo\Documents\GitHub\azure\lib\Cake\Routing\Dispatcher.php(186): Controller->invokeAction(Object(CakeRequest))
#4 C:\Users\Beatriz.Murillo\Documents\GitHub\azure\lib\Cake\Routing\Dispatcher.php(161): Dispatcher->_invoke(Object(PagesController), Object(CakeRequest), Object(CakeResponse))
#5 C:\Users\Beatriz.Murillo\Documents\GitHub\azure\app\webroot\syndi\webroot\index.php(97): Dispatcher->dispatch(Object(CakeRequest), Object(CakeResponse))
#6 {main}
2013-02-12 01:14:04 Error: [NotFoundException] Invalid test app
#0 C:\Users\Beatriz.Murillo\Documents\GitHub\azure\app\webroot\syndi\Controller\PagesController.php(64): PagesController->getData()
#1 [internal function]: PagesController->display('home')
#2 C:\Users\Beatriz.Murillo\Documents\GitHub\azure\lib\Cake\Controller\Controller.php(485): ReflectionMethod->invokeArgs(Object(PagesController), Array)
#3 C:\Users\Beatriz.Murillo\Documents\GitHub\azure\lib\Cake\Routing\Dispatcher.php(186): Controller->invokeAction(Object(CakeRequest))
#4 C:\Users\Beatriz.Murillo\Documents\GitHub\azure\lib\Cake\Routing\Dispatcher.php(161): Dispatcher->_invoke(Object(PagesController), Object(CakeRequest), Object(CakeResponse))
#5 C:\Users\Beatriz.Murillo\Documents\GitHub\azure\app\webroot\syndi\webroot\index.php(97): Dispatcher->dispatch(Object(CakeRequest), Object(CakeResponse))
#6 {main}
2013-02-12 01:14:08 Error: [NotFoundException] Invalid test app
#0 C:\Users\Beatriz.Murillo\Documents\GitHub\azure\app\webroot\syndi\Controller\PagesController.php(64): PagesController->getData()
#1 [internal function]: PagesController->display('home')
#2 C:\Users\Beatriz.Murillo\Documents\GitHub\azure\lib\Cake\Controller\Controller.php(485): ReflectionMethod->invokeArgs(Object(PagesController), Array)
#3 C:\Users\Beatriz.Murillo\Documents\GitHub\azure\lib\Cake\Routing\Dispatcher.php(186): Controller->invokeAction(Object(CakeRequest))
#4 C:\Users\Beatriz.Murillo\Documents\GitHub\azure\lib\Cake\Routing\Dispatcher.php(161): Dispatcher->_invoke(Object(PagesController), Object(CakeRequest), Object(CakeResponse))
#5 C:\Users\Beatriz.Murillo\Documents\GitHub\azure\app\webroot\syndi\webroot\index.php(97): Dispatcher->dispatch(Object(CakeRequest), Object(CakeResponse))
#6 {main}
2013-02-12 01:15:13 Error: [NotFoundException] Invalid test app
#0 C:\Users\Beatriz.Murillo\Documents\GitHub\azure\app\webroot\syndi\Controller\PagesController.php(64): PagesController->getData()
#1 [internal function]: PagesController->display('home')
#2 C:\Users\Beatriz.Murillo\Documents\GitHub\azure\lib\Cake\Controller\Controller.php(485): ReflectionMethod->invokeArgs(Object(PagesController), Array)
#3 C:\Users\Beatriz.Murillo\Documents\GitHub\azure\lib\Cake\Routing\Dispatcher.php(186): Controller->invokeAction(Object(CakeRequest))
#4 C:\Users\Beatriz.Murillo\Documents\GitHub\azure\lib\Cake\Routing\Dispatcher.php(161): Dispatcher->_invoke(Object(PagesController), Object(CakeRequest), Object(CakeResponse))
#5 C:\Users\Beatriz.Murillo\Documents\GitHub\azure\app\webroot\syndi\webroot\index.php(97): Dispatcher->dispatch(Object(CakeRequest), Object(CakeResponse))
#6 {main}
2013-02-12 01:15:14 Error: [NotFoundException] Invalid test app
#0 C:\Users\Beatriz.Murillo\Documents\GitHub\azure\app\webroot\syndi\Controller\PagesController.php(64): PagesController->getData()
#1 [internal function]: PagesController->display('home')
#2 C:\Users\Beatriz.Murillo\Documents\GitHub\azure\lib\Cake\Controller\Controller.php(485): ReflectionMethod->invokeArgs(Object(PagesController), Array)
#3 C:\Users\Beatriz.Murillo\Documents\GitHub\azure\lib\Cake\Routing\Dispatcher.php(186): Controller->invokeAction(Object(CakeRequest))
#4 C:\Users\Beatriz.Murillo\Documents\GitHub\azure\lib\Cake\Routing\Dispatcher.php(161): Dispatcher->_invoke(Object(PagesController), Object(CakeRequest), Object(CakeResponse))
#5 C:\Users\Beatriz.Murillo\Documents\GitHub\azure\app\webroot\syndi\webroot\index.php(97): Dispatcher->dispatch(Object(CakeRequest), Object(CakeResponse))
#6 {main}
2013-02-12 01:15:16 Error: [NotFoundException] Invalid test app
#0 C:\Users\Beatriz.Murillo\Documents\GitHub\azure\app\webroot\syndi\Controller\PagesController.php(64): PagesController->getData()
#1 [internal function]: PagesController->display('home')
#2 C:\Users\Beatriz.Murillo\Documents\GitHub\azure\lib\Cake\Controller\Controller.php(485): ReflectionMethod->invokeArgs(Object(PagesController), Array)
#3 C:\Users\Beatriz.Murillo\Documents\GitHub\azure\lib\Cake\Routing\Dispatcher.php(186): Controller->invokeAction(Object(CakeRequest))
#4 C:\Users\Beatriz.Murillo\Documents\GitHub\azure\lib\Cake\Routing\Dispatcher.php(161): Dispatcher->_invoke(Object(PagesController), Object(CakeRequest), Object(CakeResponse))
#5 C:\Users\Beatriz.Murillo\Documents\GitHub\azure\app\webroot\syndi\webroot\index.php(97): Dispatcher->dispatch(Object(CakeRequest), Object(CakeResponse))
#6 {main}
2013-02-12 01:15:17 Error: [NotFoundException] Invalid test app
#0 C:\Users\Beatriz.Murillo\Documents\GitHub\azure\app\webroot\syndi\Controller\PagesController.php(64): PagesController->getData()
#1 [internal function]: PagesController->display('home')
#2 C:\Users\Beatriz.Murillo\Documents\GitHub\azure\lib\Cake\Controller\Controller.php(485): ReflectionMethod->invokeArgs(Object(PagesController), Array)
#3 C:\Users\Beatriz.Murillo\Documents\GitHub\azure\lib\Cake\Routing\Dispatcher.php(186): Controller->invokeAction(Object(CakeRequest))
#4 C:\Users\Beatriz.Murillo\Documents\GitHub\azure\lib\Cake\Routing\Dispatcher.php(161): Dispatcher->_invoke(Object(PagesController), Object(CakeRequest), Object(CakeResponse))
#5 C:\Users\Beatriz.Murillo\Documents\GitHub\azure\app\webroot\syndi\webroot\index.php(97): Dispatcher->dispatch(Object(CakeRequest), Object(CakeResponse))
#6 {main}
2013-02-12 01:15:18 Error: [NotFoundException] Invalid test app
#0 C:\Users\Beatriz.Murillo\Documents\GitHub\azure\app\webroot\syndi\Controller\PagesController.php(64): PagesController->getData()
#1 [internal function]: PagesController->display('home')
#2 C:\Users\Beatriz.Murillo\Documents\GitHub\azure\lib\Cake\Controller\Controller.php(485): ReflectionMethod->invokeArgs(Object(PagesController), Array)
#3 C:\Users\Beatriz.Murillo\Documents\GitHub\azure\lib\Cake\Routing\Dispatcher.php(186): Controller->invokeAction(Object(CakeRequest))
#4 C:\Users\Beatriz.Murillo\Documents\GitHub\azure\lib\Cake\Routing\Dispatcher.php(161): Dispatcher->_invoke(Object(PagesController), Object(CakeRequest), Object(CakeResponse))
#5 C:\Users\Beatriz.Murillo\Documents\GitHub\azure\app\webroot\syndi\webroot\index.php(97): Dispatcher->dispatch(Object(CakeRequest), Object(CakeResponse))
#6 {main}
2013-02-12 01:16:35 Error: [NotFoundException] Invalid test app
#0 C:\Users\Beatriz.Murillo\Documents\GitHub\azure\app\webroot\syndi\Controller\PagesController.php(64): PagesController->getData('all')
#1 [internal function]: PagesController->display('home')
#2 C:\Users\Beatriz.Murillo\Documents\GitHub\azure\lib\Cake\Controller\Controller.php(485): ReflectionMethod->invokeArgs(Object(PagesController), Array)
#3 C:\Users\Beatriz.Murillo\Documents\GitHub\azure\lib\Cake\Routing\Dispatcher.php(186): Controller->invokeAction(Object(CakeRequest))
#4 C:\Users\Beatriz.Murillo\Documents\GitHub\azure\lib\Cake\Routing\Dispatcher.php(161): Dispatcher->_invoke(Object(PagesController), Object(CakeRequest), Object(CakeResponse))
#5 C:\Users\Beatriz.Murillo\Documents\GitHub\azure\app\webroot\syndi\webroot\index.php(97): Dispatcher->dispatch(Object(CakeRequest), Object(CakeResponse))
#6 {main}
2013-02-12 01:16:40 Error: [NotFoundException] Invalid test app
#0 C:\Users\Beatriz.Murillo\Documents\GitHub\azure\app\webroot\syndi\Controller\PagesController.php(64): PagesController->getData('all')
#1 [internal function]: PagesController->display('home')
#2 C:\Users\Beatriz.Murillo\Documents\GitHub\azure\lib\Cake\Controller\Controller.php(485): ReflectionMethod->invokeArgs(Object(PagesController), Array)
#3 C:\Users\Beatriz.Murillo\Documents\GitHub\azure\lib\Cake\Routing\Dispatcher.php(186): Controller->invokeAction(Object(CakeRequest))
#4 C:\Users\Beatriz.Murillo\Documents\GitHub\azure\lib\Cake\Routing\Dispatcher.php(161): Dispatcher->_invoke(Object(PagesController), Object(CakeRequest), Object(CakeResponse))
#5 C:\Users\Beatriz.Murillo\Documents\GitHub\azure\app\webroot\syndi\webroot\index.php(97): Dispatcher->dispatch(Object(CakeRequest), Object(CakeResponse))
#6 {main}
2013-02-12 01:16:42 Error: [NotFoundException] Invalid test app
#0 C:\Users\Beatriz.Murillo\Documents\GitHub\azure\app\webroot\syndi\Controller\PagesController.php(64): PagesController->getData('all')
#1 [internal function]: PagesController->display('home')
#2 C:\Users\Beatriz.Murillo\Documents\GitHub\azure\lib\Cake\Controller\Controller.php(485): ReflectionMethod->invokeArgs(Object(PagesController), Array)
#3 C:\Users\Beatriz.Murillo\Documents\GitHub\azure\lib\Cake\Routing\Dispatcher.php(186): Controller->invokeAction(Object(CakeRequest))
#4 C:\Users\Beatriz.Murillo\Documents\GitHub\azure\lib\Cake\Routing\Dispatcher.php(161): Dispatcher->_invoke(Object(PagesController), Object(CakeRequest), Object(CakeResponse))
#5 C:\Users\Beatriz.Murillo\Documents\GitHub\azure\app\webroot\syndi\webroot\index.php(97): Dispatcher->dispatch(Object(CakeRequest), Object(CakeResponse))
#6 {main}
2013-02-12 01:17:29 Error: [NotFoundException] Invalid test app
#0 C:\Users\Beatriz.Murillo\Documents\GitHub\azure\app\webroot\syndi\Controller\PagesController.php(64): PagesController->getData()
#1 [internal function]: PagesController->display('home')
#2 C:\Users\Beatriz.Murillo\Documents\GitHub\azure\lib\Cake\Controller\Controller.php(485): ReflectionMethod->invokeArgs(Object(PagesController), Array)
#3 C:\Users\Beatriz.Murillo\Documents\GitHub\azure\lib\Cake\Routing\Dispatcher.php(186): Controller->invokeAction(Object(CakeRequest))
#4 C:\Users\Beatriz.Murillo\Documents\GitHub\azure\lib\Cake\Routing\Dispatcher.php(161): Dispatcher->_invoke(Object(PagesController), Object(CakeRequest), Object(CakeResponse))
#5 C:\Users\Beatriz.Murillo\Documents\GitHub\azure\app\webroot\syndi\webroot\index.php(97): Dispatcher->dispatch(Object(CakeRequest), Object(CakeResponse))
#6 {main}
2013-02-12 01:27:01 Error: [MissingHelperException] Helper class userAuthHelper could not be found.
#0 C:\Users\Beatriz.Murillo\Documents\GitHub\azure\lib\Cake\View\HelperCollection.php(62): HelperCollection->load('userAuth')
#1 C:\Users\Beatriz.Murillo\Documents\GitHub\azure\lib\Cake\View\View.php(812): HelperCollection->__isset('userAuth')
#2 C:\Users\Beatriz.Murillo\Documents\GitHub\azure\app\webroot\syndi\View\Pages\home.ctp(19): View->__get('userAuth')
#3 C:\Users\Beatriz.Murillo\Documents\GitHub\azure\lib\Cake\View\View.php(920): include('C:\Users\Beatri...')
#4 C:\Users\Beatriz.Murillo\Documents\GitHub\azure\lib\Cake\View\View.php(883): View->_evaluate('C:\Users\Beatri...', Array)
#5 C:\Users\Beatriz.Murillo\Documents\GitHub\azure\lib\Cake\View\View.php(475): View->_render('C:\Users\Beatri...')
#6 C:\Users\Beatriz.Murillo\Documents\GitHub\azure\lib\Cake\Controller\Controller.php(956): View->render('home', NULL)
#7 C:\Users\Beatriz.Murillo\Documents\GitHub\azure\app\webroot\syndi\Controller\PagesController.php(66): Controller->render('home')
#8 [internal function]: PagesController->display('home')
#9 C:\Users\Beatriz.Murillo\Documents\GitHub\azure\lib\Cake\Controller\Controller.php(485): ReflectionMethod->invokeArgs(Object(PagesController), Array)
#10 C:\Users\Beatriz.Murillo\Documents\GitHub\azure\lib\Cake\Routing\Dispatcher.php(186): Controller->invokeAction(Object(CakeRequest))
#11 C:\Users\Beatriz.Murillo\Documents\GitHub\azure\lib\Cake\Routing\Dispatcher.php(161): Dispatcher->_invoke(Object(PagesController), Object(CakeRequest), Object(CakeResponse))
#12 C:\Users\Beatriz.Murillo\Documents\GitHub\azure\app\webroot\syndi\webroot\index.php(97): Dispatcher->dispatch(Object(CakeRequest), Object(CakeResponse))
#13 {main}
2013-02-12 01:28:08 Error: [MissingHelperException] Helper class userAuthHelper could not be found.
#0 C:\Users\Beatriz.Murillo\Documents\GitHub\azure\lib\Cake\View\HelperCollection.php(62): HelperCollection->load('userAuth')
#1 C:\Users\Beatriz.Murillo\Documents\GitHub\azure\lib\Cake\View\View.php(812): HelperCollection->__isset('userAuth')
#2 C:\Users\Beatriz.Murillo\Documents\GitHub\azure\app\webroot\syndi\View\Pages\home.ctp(19): View->__get('userAuth')
#3 C:\Users\Beatriz.Murillo\Documents\GitHub\azure\lib\Cake\View\View.php(920): include('C:\Users\Beatri...')
#4 C:\Users\Beatriz.Murillo\Documents\GitHub\azure\lib\Cake\View\View.php(883): View->_evaluate('C:\Users\Beatri...', Array)
#5 C:\Users\Beatriz.Murillo\Documents\GitHub\azure\lib\Cake\View\View.php(475): View->_render('C:\Users\Beatri...')
#6 C:\Users\Beatriz.Murillo\Documents\GitHub\azure\lib\Cake\Controller\Controller.php(956): View->render('home', NULL)
#7 C:\Users\Beatriz.Murillo\Documents\GitHub\azure\app\webroot\syndi\Controller\PagesController.php(66): Controller->render('home')
#8 [internal function]: PagesController->display('home')
#9 C:\Users\Beatriz.Murillo\Documents\GitHub\azure\lib\Cake\Controller\Controller.php(485): ReflectionMethod->invokeArgs(Object(PagesController), Array)
#10 C:\Users\Beatriz.Murillo\Documents\GitHub\azure\lib\Cake\Routing\Dispatcher.php(186): Controller->invokeAction(Object(CakeRequest))
#11 C:\Users\Beatriz.Murillo\Documents\GitHub\azure\lib\Cake\Routing\Dispatcher.php(161): Dispatcher->_invoke(Object(PagesController), Object(CakeRequest), Object(CakeResponse))
#12 C:\Users\Beatriz.Murillo\Documents\GitHub\azure\app\webroot\syndi\webroot\index.php(97): Dispatcher->dispatch(Object(CakeRequest), Object(CakeResponse))
#13 {main}
2013-02-12 01:28:52 Error: [MissingHelperException] Helper class userAuthHelper could not be found.
#0 C:\Users\Beatriz.Murillo\Documents\GitHub\azure\lib\Cake\View\HelperCollection.php(62): HelperCollection->load('userAuth')
#1 C:\Users\Beatriz.Murillo\Documents\GitHub\azure\lib\Cake\View\View.php(812): HelperCollection->__isset('userAuth')
#2 C:\Users\Beatriz.Murillo\Documents\GitHub\azure\app\webroot\syndi\View\Pages\home.ctp(18): View->__get('userAuth')
#3 C:\Users\Beatriz.Murillo\Documents\GitHub\azure\lib\Cake\View\View.php(920): include('C:\Users\Beatri...')
#4 C:\Users\Beatriz.Murillo\Documents\GitHub\azure\lib\Cake\View\View.php(883): View->_evaluate('C:\Users\Beatri...', Array)
#5 C:\Users\Beatriz.Murillo\Documents\GitHub\azure\lib\Cake\View\View.php(475): View->_render('C:\Users\Beatri...')
#6 C:\Users\Beatriz.Murillo\Documents\GitHub\azure\lib\Cake\Controller\Controller.php(956): View->render('home', NULL)
#7 C:\Users\Beatriz.Murillo\Documents\GitHub\azure\app\webroot\syndi\Controller\PagesController.php(66): Controller->render('home')
#8 [internal function]: PagesController->display('home')
#9 C:\Users\Beatriz.Murillo\Documents\GitHub\azure\lib\Cake\Controller\Controller.php(485): ReflectionMethod->invokeArgs(Object(PagesController), Array)
#10 C:\Users\Beatriz.Murillo\Documents\GitHub\azure\lib\Cake\Routing\Dispatcher.php(186): Controller->invokeAction(Object(CakeRequest))
#11 C:\Users\Beatriz.Murillo\Documents\GitHub\azure\lib\Cake\Routing\Dispatcher.php(161): Dispatcher->_invoke(Object(PagesController), Object(CakeRequest), Object(CakeResponse))
#12 C:\Users\Beatriz.Murillo\Documents\GitHub\azure\app\webroot\syndi\webroot\index.php(97): Dispatcher->dispatch(Object(CakeRequest), Object(CakeResponse))
#13 {main}
2013-02-12 01:29:41 Error: [MissingHelperException] Helper class userAuthHelper could not be found.
#0 C:\Users\Beatriz.Murillo\Documents\GitHub\azure\lib\Cake\View\HelperCollection.php(62): HelperCollection->load('userAuth')
#1 C:\Users\Beatriz.Murillo\Documents\GitHub\azure\lib\Cake\View\View.php(812): HelperCollection->__isset('userAuth')
#2 C:\Users\Beatriz.Murillo\Documents\GitHub\azure\app\webroot\syndi\View\Pages\home.ctp(21): View->__get('userAuth')
#3 C:\Users\Beatriz.Murillo\Documents\GitHub\azure\lib\Cake\View\View.php(920): include('C:\Users\Beatri...')
#4 C:\Users\Beatriz.Murillo\Documents\GitHub\azure\lib\Cake\View\View.php(883): View->_evaluate('C:\Users\Beatri...', Array)
#5 C:\Users\Beatriz.Murillo\Documents\GitHub\azure\lib\Cake\View\View.php(475): View->_render('C:\Users\Beatri...')
#6 C:\Users\Beatriz.Murillo\Documents\GitHub\azure\lib\Cake\Controller\Controller.php(956): View->render('home', NULL)
#7 C:\Users\Beatriz.Murillo\Documents\GitHub\azure\app\webroot\syndi\Controller\PagesController.php(66): Controller->render('home')
#8 [internal function]: PagesController->display('home')
#9 C:\Users\Beatriz.Murillo\Documents\GitHub\azure\lib\Cake\Controller\Controller.php(485): ReflectionMethod->invokeArgs(Object(PagesController), Array)
#10 C:\Users\Beatriz.Murillo\Documents\GitHub\azure\lib\Cake\Routing\Dispatcher.php(186): Controller->invokeAction(Object(CakeRequest))
#11 C:\Users\Beatriz.Murillo\Documents\GitHub\azure\lib\Cake\Routing\Dispatcher.php(161): Dispatcher->_invoke(Object(PagesController), Object(CakeRequest), Object(CakeResponse))
#12 C:\Users\Beatriz.Murillo\Documents\GitHub\azure\app\webroot\syndi\webroot\index.php(97): Dispatcher->dispatch(Object(CakeRequest), Object(CakeResponse))
#13 {main}
2013-02-12 01:29:47 Error: [MissingHelperException] Helper class userAuthHelper could not be found.
#0 C:\Users\Beatriz.Murillo\Documents\GitHub\azure\lib\Cake\View\HelperCollection.php(62): HelperCollection->load('userAuth')
#1 C:\Users\Beatriz.Murillo\Documents\GitHub\azure\lib\Cake\View\View.php(812): HelperCollection->__isset('userAuth')
#2 C:\Users\Beatriz.Murillo\Documents\GitHub\azure\app\webroot\syndi\View\Pages\home.ctp(21): View->__get('userAuth')
#3 C:\Users\Beatriz.Murillo\Documents\GitHub\azure\lib\Cake\View\View.php(920): include('C:\Users\Beatri...')
#4 C:\Users\Beatriz.Murillo\Documents\GitHub\azure\lib\Cake\View\View.php(883): View->_evaluate('C:\Users\Beatri...', Array)
#5 C:\Users\Beatriz.Murillo\Documents\GitHub\azure\lib\Cake\View\View.php(475): View->_render('C:\Users\Beatri...')
#6 C:\Users\Beatriz.Murillo\Documents\GitHub\azure\lib\Cake\Controller\Controller.php(956): View->render('home', NULL)
#7 C:\Users\Beatriz.Murillo\Documents\GitHub\azure\app\webroot\syndi\Controller\PagesController.php(66): Controller->render('home')
#8 [internal function]: PagesController->display('home')
#9 C:\Users\Beatriz.Murillo\Documents\GitHub\azure\lib\Cake\Controller\Controller.php(485): ReflectionMethod->invokeArgs(Object(PagesController), Array)
#10 C:\Users\Beatriz.Murillo\Documents\GitHub\azure\lib\Cake\Routing\Dispatcher.php(186): Controller->invokeAction(Object(CakeRequest))
#11 C:\Users\Beatriz.Murillo\Documents\GitHub\azure\lib\Cake\Routing\Dispatcher.php(161): Dispatcher->_invoke(Object(PagesController), Object(CakeRequest), Object(CakeResponse))
#12 C:\Users\Beatriz.Murillo\Documents\GitHub\azure\app\webroot\syndi\webroot\index.php(97): Dispatcher->dispatch(Object(CakeRequest), Object(CakeResponse))
#13 {main}
2013-02-12 01:29:48 Error: [MissingHelperException] Helper class userAuthHelper could not be found.
#0 C:\Users\Beatriz.Murillo\Documents\GitHub\azure\lib\Cake\View\HelperCollection.php(62): HelperCollection->load('userAuth')
#1 C:\Users\Beatriz.Murillo\Documents\GitHub\azure\lib\Cake\View\View.php(812): HelperCollection->__isset('userAuth')
#2 C:\Users\Beatriz.Murillo\Documents\GitHub\azure\app\webroot\syndi\View\Pages\home.ctp(21): View->__get('userAuth')
#3 C:\Users\Beatriz.Murillo\Documents\GitHub\azure\lib\Cake\View\View.php(920): include('C:\Users\Beatri...')
#4 C:\Users\Beatriz.Murillo\Documents\GitHub\azure\lib\Cake\View\View.php(883): View->_evaluate('C:\Users\Beatri...', Array)
#5 C:\Users\Beatriz.Murillo\Documents\GitHub\azure\lib\Cake\View\View.php(475): View->_render('C:\Users\Beatri...')
#6 C:\Users\Beatriz.Murillo\Documents\GitHub\azure\lib\Cake\Controller\Controller.php(956): View->render('home', NULL)
#7 C:\Users\Beatriz.Murillo\Documents\GitHub\azure\app\webroot\syndi\Controller\PagesController.php(66): Controller->render('home')
#8 [internal function]: PagesController->display('home')
#9 C:\Users\Beatriz.Murillo\Documents\GitHub\azure\lib\Cake\Controller\Controller.php(485): ReflectionMethod->invokeArgs(Object(PagesController), Array)
#10 C:\Users\Beatriz.Murillo\Documents\GitHub\azure\lib\Cake\Routing\Dispatcher.php(186): Controller->invokeAction(Object(CakeRequest))
#11 C:\Users\Beatriz.Murillo\Documents\GitHub\azure\lib\Cake\Routing\Dispatcher.php(161): Dispatcher->_invoke(Object(PagesController), Object(CakeRequest), Object(CakeResponse))
#12 C:\Users\Beatriz.Murillo\Documents\GitHub\azure\app\webroot\syndi\webroot\index.php(97): Dispatcher->dispatch(Object(CakeRequest), Object(CakeResponse))
#13 {main}
2013-02-12 01:30:14 Error: [MissingHelperException] Helper class userAuthHelper could not be found.
#0 C:\Users\Beatriz.Murillo\Documents\GitHub\azure\lib\Cake\View\HelperCollection.php(62): HelperCollection->load('userAuth')
#1 C:\Users\Beatriz.Murillo\Documents\GitHub\azure\lib\Cake\View\View.php(812): HelperCollection->__isset('userAuth')
#2 C:\Users\Beatriz.Murillo\Documents\GitHub\azure\app\webroot\syndi\View\Pages\home.ctp(22): View->__get('userAuth')
#3 C:\Users\Beatriz.Murillo\Documents\GitHub\azure\lib\Cake\View\View.php(920): include('C:\Users\Beatri...')
#4 C:\Users\Beatriz.Murillo\Documents\GitHub\azure\lib\Cake\View\View.php(883): View->_evaluate('C:\Users\Beatri...', Array)
#5 C:\Users\Beatriz.Murillo\Documents\GitHub\azure\lib\Cake\View\View.php(475): View->_render('C:\Users\Beatri...')
#6 C:\Users\Beatriz.Murillo\Documents\GitHub\azure\lib\Cake\Controller\Controller.php(956): View->render('home', NULL)
#7 C:\Users\Beatriz.Murillo\Documents\GitHub\azure\app\webroot\syndi\Controller\PagesController.php(66): Controller->render('home')
#8 [internal function]: PagesController->display('home')
#9 C:\Users\Beatriz.Murillo\Documents\GitHub\azure\lib\Cake\Controller\Controller.php(485): ReflectionMethod->invokeArgs(Object(PagesController), Array)
#10 C:\Users\Beatriz.Murillo\Documents\GitHub\azure\lib\Cake\Routing\Dispatcher.php(186): Controller->invokeAction(Object(CakeRequest))
#11 C:\Users\Beatriz.Murillo\Documents\GitHub\azure\lib\Cake\Routing\Dispatcher.php(161): Dispatcher->_invoke(Object(PagesController), Object(CakeRequest), Object(CakeResponse))
#12 C:\Users\Beatriz.Murillo\Documents\GitHub\azure\app\webroot\syndi\webroot\index.php(97): Dispatcher->dispatch(Object(CakeRequest), Object(CakeResponse))
#13 {main}
2013-02-12 01:30:32 Error: [MissingHelperException] Helper class userAuthHelper could not be found.
#0 C:\Users\Beatriz.Murillo\Documents\GitHub\azure\lib\Cake\View\HelperCollection.php(62): HelperCollection->load('userAuth')
#1 C:\Users\Beatriz.Murillo\Documents\GitHub\azure\lib\Cake\View\View.php(812): HelperCollection->__isset('userAuth')
#2 C:\Users\Beatriz.Murillo\Documents\GitHub\azure\app\webroot\syndi\View\Pages\home.ctp(22): View->__get('userAuth')
#3 C:\Users\Beatriz.Murillo\Documents\GitHub\azure\lib\Cake\View\View.php(920): include('C:\Users\Beatri...')
#4 C:\Users\Beatriz.Murillo\Documents\GitHub\azure\lib\Cake\View\View.php(883): View->_evaluate('C:\Users\Beatri...', Array)
#5 C:\Users\Beatriz.Murillo\Documents\GitHub\azure\lib\Cake\View\View.php(475): View->_render('C:\Users\Beatri...')
#6 C:\Users\Beatriz.Murillo\Documents\GitHub\azure\lib\Cake\Controller\Controller.php(956): View->render('home', NULL)
#7 C:\Users\Beatriz.Murillo\Documents\GitHub\azure\app\webroot\syndi\Controller\PagesController.php(66): Controller->render('home')
#8 [internal function]: PagesController->display('home')
#9 C:\Users\Beatriz.Murillo\Documents\GitHub\azure\lib\Cake\Controller\Controller.php(485): ReflectionMethod->invokeArgs(Object(PagesController), Array)
#10 C:\Users\Beatriz.Murillo\Documents\GitHub\azure\lib\Cake\Routing\Dispatcher.php(186): Controller->invokeAction(Object(CakeRequest))
#11 C:\Users\Beatriz.Murillo\Documents\GitHub\azure\lib\Cake\Routing\Dispatcher.php(161): Dispatcher->_invoke(Object(PagesController), Object(CakeRequest), Object(CakeResponse))
#12 C:\Users\Beatriz.Murillo\Documents\GitHub\azure\app\webroot\syndi\webroot\index.php(97): Dispatcher->dispatch(Object(CakeRequest), Object(CakeResponse))
#13 {main}
2013-02-12 01:30:38 Error: [MissingHelperException] Helper class userAuthHelper could not be found.
#0 C:\Users\Beatriz.Murillo\Documents\GitHub\azure\lib\Cake\View\HelperCollection.php(62): HelperCollection->load('userAuth')
#1 C:\Users\Beatriz.Murillo\Documents\GitHub\azure\lib\Cake\View\View.php(812): HelperCollection->__isset('userAuth')
#2 C:\Users\Beatriz.Murillo\Documents\GitHub\azure\app\webroot\syndi\View\Pages\home.ctp(22): View->__get('userAuth')
#3 C:\Users\Beatriz.Murillo\Documents\GitHub\azure\lib\Cake\View\View.php(920): include('C:\Users\Beatri...')
#4 C:\Users\Beatriz.Murillo\Documents\GitHub\azure\lib\Cake\View\View.php(883): View->_evaluate('C:\Users\Beatri...', Array)
#5 C:\Users\Beatriz.Murillo\Documents\GitHub\azure\lib\Cake\View\View.php(475): View->_render('C:\Users\Beatri...')
#6 C:\Users\Beatriz.Murillo\Documents\GitHub\azure\lib\Cake\Controller\Controller.php(956): View->render('home', NULL)
#7 C:\Users\Beatriz.Murillo\Documents\GitHub\azure\app\webroot\syndi\Controller\PagesController.php(66): Controller->render('home')
#8 [internal function]: PagesController->display('home')
#9 C:\Users\Beatriz.Murillo\Documents\GitHub\azure\lib\Cake\Controller\Controller.php(485): ReflectionMethod->invokeArgs(Object(PagesController), Array)
#10 C:\Users\Beatriz.Murillo\Documents\GitHub\azure\lib\Cake\Routing\Dispatcher.php(186): Controller->invokeAction(Object(CakeRequest))
#11 C:\Users\Beatriz.Murillo\Documents\GitHub\azure\lib\Cake\Routing\Dispatcher.php(161): Dispatcher->_invoke(Object(PagesController), Object(CakeRequest), Object(CakeResponse))
#12 C:\Users\Beatriz.Murillo\Documents\GitHub\azure\app\webroot\syndi\webroot\index.php(97): Dispatcher->dispatch(Object(CakeRequest), Object(CakeResponse))
#13 {main}
2013-02-12 01:30:41 Error: [MissingHelperException] Helper class userAuthHelper could not be found.
#0 C:\Users\Beatriz.Murillo\Documents\GitHub\azure\lib\Cake\View\HelperCollection.php(62): HelperCollection->load('userAuth')
#1 C:\Users\Beatriz.Murillo\Documents\GitHub\azure\lib\Cake\View\View.php(812): HelperCollection->__isset('userAuth')
#2 C:\Users\Beatriz.Murillo\Documents\GitHub\azure\app\webroot\syndi\View\Pages\home.ctp(22): View->__get('userAuth')
#3 C:\Users\Beatriz.Murillo\Documents\GitHub\azure\lib\Cake\View\View.php(920): include('C:\Users\Beatri...')
#4 C:\Users\Beatriz.Murillo\Documents\GitHub\azure\lib\Cake\View\View.php(883): View->_evaluate('C:\Users\Beatri...', Array)
#5 C:\Users\Beatriz.Murillo\Documents\GitHub\azure\lib\Cake\View\View.php(475): View->_render('C:\Users\Beatri...')
#6 C:\Users\Beatriz.Murillo\Documents\GitHub\azure\lib\Cake\Controller\Controller.php(956): View->render('home', NULL)
#7 C:\Users\Beatriz.Murillo\Documents\GitHub\azure\app\webroot\syndi\Controller\PagesController.php(66): Controller->render('home')
#8 [internal function]: PagesController->display('home')
#9 C:\Users\Beatriz.Murillo\Documents\GitHub\azure\lib\Cake\Controller\Controller.php(485): ReflectionMethod->invokeArgs(Object(PagesController), Array)
#10 C:\Users\Beatriz.Murillo\Documents\GitHub\azure\lib\Cake\Routing\Dispatcher.php(186): Controller->invokeAction(Object(CakeRequest))
#11 C:\Users\Beatriz.Murillo\Documents\GitHub\azure\lib\Cake\Routing\Dispatcher.php(161): Dispatcher->_invoke(Object(PagesController), Object(CakeRequest), Object(CakeResponse))
#12 C:\Users\Beatriz.Murillo\Documents\GitHub\azure\app\webroot\syndi\webroot\index.php(97): Dispatcher->dispatch(Object(CakeRequest), Object(CakeResponse))
#13 {main}
2013-02-12 01:35:26 Error: [MissingHelperException] Helper class userAuthHelper could not be found.
#0 C:\Users\Beatriz.Murillo\Documents\GitHub\azure\lib\Cake\View\HelperCollection.php(62): HelperCollection->load('userAuth')
#1 C:\Users\Beatriz.Murillo\Documents\GitHub\azure\lib\Cake\View\View.php(812): HelperCollection->__isset('userAuth')
#2 C:\Users\Beatriz.Murillo\Documents\GitHub\azure\app\webroot\syndi\View\Pages\home.ctp(8): View->__get('userAuth')
#3 C:\Users\Beatriz.Murillo\Documents\GitHub\azure\lib\Cake\View\View.php(920): include('C:\Users\Beatri...')
#4 C:\Users\Beatriz.Murillo\Documents\GitHub\azure\lib\Cake\View\View.php(883): View->_evaluate('C:\Users\Beatri...', Array)
#5 C:\Users\Beatriz.Murillo\Documents\GitHub\azure\lib\Cake\View\View.php(475): View->_render('C:\Users\Beatri...')
#6 C:\Users\Beatriz.Murillo\Documents\GitHub\azure\lib\Cake\Controller\Controller.php(956): View->render('home', NULL)
#7 C:\Users\Beatriz.Murillo\Documents\GitHub\azure\app\webroot\syndi\Controller\PagesController.php(66): Controller->render('home')
#8 [internal function]: PagesController->display('home')
#9 C:\Users\Beatriz.Murillo\Documents\GitHub\azure\lib\Cake\Controller\Controller.php(485): ReflectionMethod->invokeArgs(Object(PagesController), Array)
#10 C:\Users\Beatriz.Murillo\Documents\GitHub\azure\lib\Cake\Routing\Dispatcher.php(186): Controller->invokeAction(Object(CakeRequest))
#11 C:\Users\Beatriz.Murillo\Documents\GitHub\azure\lib\Cake\Routing\Dispatcher.php(161): Dispatcher->_invoke(Object(PagesController), Object(CakeRequest), Object(CakeResponse))
#12 C:\Users\Beatriz.Murillo\Documents\GitHub\azure\app\webroot\syndi\webroot\index.php(97): Dispatcher->dispatch(Object(CakeRequest), Object(CakeResponse))
#13 {main}
2013-02-12 01:35:49 Error: [MissingHelperException] Helper class userAuthHelper could not be found.
#0 C:\Users\Beatriz.Murillo\Documents\GitHub\azure\lib\Cake\View\HelperCollection.php(62): HelperCollection->load('userAuth')
#1 C:\Users\Beatriz.Murillo\Documents\GitHub\azure\lib\Cake\View\View.php(812): HelperCollection->__isset('userAuth')
#2 C:\Users\Beatriz.Murillo\Documents\GitHub\azure\app\webroot\syndi\View\Pages\home.ctp(8): View->__get('userAuth')
#3 C:\Users\Beatriz.Murillo\Documents\GitHub\azure\lib\Cake\View\View.php(920): include('C:\Users\Beatri...')
#4 C:\Users\Beatriz.Murillo\Documents\GitHub\azure\lib\Cake\View\View.php(883): View->_evaluate('C:\Users\Beatri...', Array)
#5 C:\Users\Beatriz.Murillo\Documents\GitHub\azure\lib\Cake\View\View.php(475): View->_render('C:\Users\Beatri...')
#6 C:\Users\Beatriz.Murillo\Documents\GitHub\azure\lib\Cake\Controller\Controller.php(956): View->render('home', NULL)
#7 C:\Users\Beatriz.Murillo\Documents\GitHub\azure\app\webroot\syndi\Controller\PagesController.php(66): Controller->render('home')
#8 [internal function]: PagesController->display('home')
#9 C:\Users\Beatriz.Murillo\Documents\GitHub\azure\lib\Cake\Controller\Controller.php(485): ReflectionMethod->invokeArgs(Object(PagesController), Array)
#10 C:\Users\Beatriz.Murillo\Documents\GitHub\azure\lib\Cake\Routing\Dispatcher.php(186): Controller->invokeAction(Object(CakeRequest))
#11 C:\Users\Beatriz.Murillo\Documents\GitHub\azure\lib\Cake\Routing\Dispatcher.php(161): Dispatcher->_invoke(Object(PagesController), Object(CakeRequest), Object(CakeResponse))
#12 C:\Users\Beatriz.Murillo\Documents\GitHub\azure\app\webroot\syndi\webroot\index.php(97): Dispatcher->dispatch(Object(CakeRequest), Object(CakeResponse))
#13 {main}
2013-02-12 01:36:01 Error: [MissingHelperException] Helper class userAuthHelper could not be found.
#0 C:\Users\Beatriz.Murillo\Documents\GitHub\azure\lib\Cake\View\HelperCollection.php(62): HelperCollection->load('userAuth')
#1 C:\Users\Beatriz.Murillo\Documents\GitHub\azure\lib\Cake\View\View.php(812): HelperCollection->__isset('userAuth')
#2 C:\Users\Beatriz.Murillo\Documents\GitHub\azure\app\webroot\syndi\View\Pages\home.ctp(23): View->__get('userAuth')
#3 C:\Users\Beatriz.Murillo\Documents\GitHub\azure\lib\Cake\View\View.php(920): include('C:\Users\Beatri...')
#4 C:\Users\Beatriz.Murillo\Documents\GitHub\azure\lib\Cake\View\View.php(883): View->_evaluate('C:\Users\Beatri...', Array)
#5 C:\Users\Beatriz.Murillo\Documents\GitHub\azure\lib\Cake\View\View.php(475): View->_render('C:\Users\Beatri...')
#6 C:\Users\Beatriz.Murillo\Documents\GitHub\azure\lib\Cake\Controller\Controller.php(956): View->render('home', NULL)
#7 C:\Users\Beatriz.Murillo\Documents\GitHub\azure\app\webroot\syndi\Controller\PagesController.php(66): Controller->render('home')
#8 [internal function]: PagesController->display('home')
#9 C:\Users\Beatriz.Murillo\Documents\GitHub\azure\lib\Cake\Controller\Controller.php(485): ReflectionMethod->invokeArgs(Object(PagesController), Array)
#10 C:\Users\Beatriz.Murillo\Documents\GitHub\azure\lib\Cake\Routing\Dispatcher.php(186): Controller->invokeAction(Object(CakeRequest))
#11 C:\Users\Beatriz.Murillo\Documents\GitHub\azure\lib\Cake\Routing\Dispatcher.php(161): Dispatcher->_invoke(Object(PagesController), Object(CakeRequest), Object(CakeResponse))
#12 C:\Users\Beatriz.Murillo\Documents\GitHub\azure\app\webroot\syndi\webroot\index.php(97): Dispatcher->dispatch(Object(CakeRequest), Object(CakeResponse))
#13 {main}
