2013-02-09 00:05:00 Error: [MissingViewException] View file "C:\Users\Beatriz.Murillo\Documents\GitHub\azure\app\webroot\origin\View\Origin\syndi.ctp" is missing.
#0 C:\Users\Beatriz.Murillo\Documents\GitHub\azure\lib\Cake\View\View.php(472): View->_getViewFileName(NULL)
#1 C:\Users\Beatriz.Murillo\Documents\GitHub\azure\lib\Cake\Controller\Controller.php(956): View->render(NULL, NULL)
#2 C:\Users\Beatriz.Murillo\Documents\GitHub\azure\lib\Cake\Routing\Dispatcher.php(193): Controller->render()
#3 C:\Users\Beatriz.Murillo\Documents\GitHub\azure\lib\Cake\Routing\Dispatcher.php(161): Dispatcher->_invoke(Object(OriginController), Object(CakeRequest), Object(CakeResponse))
#4 C:\Users\Beatriz.Murillo\Documents\GitHub\azure\app\webroot\origin\webroot\index.php(97): Dispatcher->dispatch(Object(CakeRequest), Object(CakeResponse))
#5 {main}
2013-02-09 00:17:03 Error: [MissingControllerException] Controller class CoreController could not be found.
#0 C:\Users\Beatriz.Murillo\Documents\GitHub\azure\app\webroot\origin\webroot\index.php(97): Dispatcher->dispatch(Object(CakeRequest), Object(CakeResponse))
#1 {main}
2013-02-09 00:27:47 Error: [MissingViewException] View file "C:\Users\Beatriz.Murillo\Documents\GitHub\azure\app\webroot\webservices\View\Origin\syndi.ctp" is missing.
#0 C:\Users\Beatriz.Murillo\Documents\GitHub\azure\lib\Cake\View\View.php(472): View->_getViewFileName(NULL)
#1 C:\Users\Beatriz.Murillo\Documents\GitHub\azure\lib\Cake\Controller\Controller.php(956): View->render(NULL, NULL)
#2 C:\Users\Beatriz.Murillo\Documents\GitHub\azure\lib\Cake\Routing\Dispatcher.php(193): Controller->render()
#3 C:\Users\Beatriz.Murillo\Documents\GitHub\azure\lib\Cake\Routing\Dispatcher.php(161): Dispatcher->_invoke(Object(OriginController), Object(CakeRequest), Object(CakeResponse))
#4 C:\Users\Beatriz.Murillo\Documents\GitHub\azure\app\webroot\webservices\webroot\index.php(97): Dispatcher->dispatch(Object(CakeRequest), Object(CakeResponse))
#5 {main}
2013-02-09 01:04:19 Error: [MissingViewException] View file "C:\Users\Beatriz.Murillo\Documents\GitHub\azure\app\webroot\webservices\View\Origin\syndi.ctp" is missing.
#0 C:\Users\Beatriz.Murillo\Documents\GitHub\azure\lib\Cake\View\View.php(472): View->_getViewFileName(NULL)
#1 C:\Users\Beatriz.Murillo\Documents\GitHub\azure\lib\Cake\Controller\Controller.php(956): View->render(NULL, NULL)
#2 C:\Users\Beatriz.Murillo\Documents\GitHub\azure\lib\Cake\Routing\Dispatcher.php(193): Controller->render()
#3 C:\Users\Beatriz.Murillo\Documents\GitHub\azure\lib\Cake\Routing\Dispatcher.php(161): Dispatcher->_invoke(Object(OriginController), Object(CakeRequest), Object(CakeResponse))
#4 C:\Users\Beatriz.Murillo\Documents\GitHub\azure\app\webroot\webservices\webroot\index.php(97): Dispatcher->dispatch(Object(CakeRequest), Object(CakeResponse))
#5 {main}
2013-02-09 01:05:31 Error: [MissingControllerException] Controller class SyndiController could not be found.
#0 C:\Users\Beatriz.Murillo\Documents\GitHub\azure\app\webroot\webservices\webroot\index.php(97): Dispatcher->dispatch(Object(CakeRequest), Object(CakeResponse))
#1 {main}
2013-02-09 01:47:10 Error: [MissingControllerException] Controller class SyndiController could not be found.
#0 C:\Users\Beatriz.Murillo\Documents\GitHub\azure\app\webroot\webservices\webroot\index.php(97): Dispatcher->dispatch(Object(CakeRequest), Object(CakeResponse))
#1 {main}
